TpTrace Verbose: 0 : 60008, 1, 2025/09/25, 14:09:22.512, 873139361076, vstest.console.exe, Version: 17.14.0-release-25203-01 Current process architecture: X64
TpTrace Verbose: 0 : 60008, 1, 2025/09/25, 14:09:22.514, 873139388436, vstest.console.exe, Runtime location: C:\Windows\Microsoft.NET\Framework64\v4.0.30319
TpTrace Information: 0 : 60008, 1, 2025/09/25, 14:09:22.518, 873139422355, vstest.console.exe, FilePatternParser: The given file C:\Users\gomur\source\repos\COM_Nostr\UnitTest_COM_Nostr\bin\Debug\net8.0-windows\UnitTest_COM_Nostr.dll is a full path.
TpTrace Verbose: 0 : 60008, 1, 2025/09/25, 14:09:22.532, 873139559948, vstest.console.exe, TestPluginCache.DiscoverTestExtensions: finding test extensions in assemblies ends with: RuntimeProvider.dll TPluginInfo: Microsoft.VisualStudio.TestPlatform.Common.ExtensionFramework.Utilities.TestRuntimePluginInformation TExtension: Microsoft.VisualStudio.TestPlatform.ObjectModel.Host.ITestRuntimeProvider
TpTrace Verbose: 0 : 60008, 1, 2025/09/25, 14:09:22.534, 873139582932, vstest.console.exe, TestPluginCache.GetExtensionPaths: Filtered extension paths: 
TpTrace Verbose: 0 : 60008, 1, 2025/09/25, 14:09:22.534, 873139583807, vstest.console.exe, TestPluginCache.GetExtensionPaths: Added default extension paths: C:\Program Files\Microsoft Visual Studio\2022\Community\Common7\IDE\Extensions\TestPlatform\Extensions\Microsoft.TestPlatform.Extensions.BlameDataCollector.dll
C:\Program Files\Microsoft Visual Studio\2022\Community\Common7\IDE\Extensions\TestPlatform\Extensions\Microsoft.TestPlatform.Extensions.EventLogCollector.dll
C:\Program Files\Microsoft Visual Studio\2022\Community\Common7\IDE\Extensions\TestPlatform\Extensions\Microsoft.TestPlatform.TestHostRuntimeProvider.dll
C:\Program Files\Microsoft Visual Studio\2022\Community\Common7\IDE\Extensions\TestPlatform\Extensions\Microsoft.VisualStudio.ArchitectureTools.PEReader.dll
C:\Program Files\Microsoft Visual Studio\2022\Community\Common7\IDE\Extensions\TestPlatform\Extensions\Microsoft.VisualStudio.TestPlatform.Extensions.CodedWebTestAdapter.dll
C:\Program Files\Microsoft Visual Studio\2022\Community\Common7\IDE\Extensions\TestPlatform\Extensions\Microsoft.VisualStudio.TestPlatform.Extensions.Html.TestLogger.dll
C:\Program Files\Microsoft Visual Studio\2022\Community\Common7\IDE\Extensions\TestPlatform\Extensions\Microsoft.VisualStudio.TestPlatform.Extensions.TmiAdapter.dll
C:\Program Files\Microsoft Visual Studio\2022\Community\Common7\IDE\Extensions\TestPlatform\Extensions\Microsoft.VisualStudio.TestPlatform.Extensions.Trx.TestLogger.dll
C:\Program Files\Microsoft Visual Studio\2022\Community\Common7\IDE\Extensions\TestPlatform\Extensions\Microsoft.VisualStudio.TestPlatform.Extensions.VSTestIntegration.dll
C:\Program Files\Microsoft Visual Studio\2022\Community\Common7\IDE\Extensions\TestPlatform\Extensions\Microsoft.VisualStudio.TestPlatform.Extensions.WebTestAdapter.dll
C:\Program Files\Microsoft Visual Studio\2022\Community\Common7\IDE\Extensions\TestPlatform\Extensions\Microsoft.VisualStudio.TestTools.CppUnitTestFramework.ComInterfaces.dll
C:\Program Files\Microsoft Visual Studio\2022\Community\Common7\IDE\Extensions\TestPlatform\Extensions\Microsoft.VisualStudio.TestTools.CppUnitTestFramework.CppUnitTestExtension.dll
C:\Program Files\Microsoft Visual Studio\2022\Community\Common7\IDE\Extensions\TestPlatform\Extensions\Microsoft.VisualStudio.TestTools.DataCollection.MediaRecorder.Model.dll
C:\Program Files\Microsoft Visual Studio\2022\Community\Common7\IDE\Extensions\TestPlatform\Extensions\Microsoft.VisualStudio.TestTools.DataCollection.VideoRecorderCollector.dll
C:\Program Files\Microsoft Visual Studio\2022\Community\Common7\IDE\Extensions\TestPlatform\Extensions\Microsoft.VisualStudio.UwpTestHostRuntimeProvider.dll
TpTrace Verbose: 0 : 60008, 1, 2025/09/25, 14:09:22.534, 873139584148, vstest.console.exe, TestPluginCache.GetExtensionPaths: Added unfilterableExtensionPaths: 
TpTrace Information: 0 : 60008, 1, 2025/09/25, 14:09:22.535, 873139593219, vstest.console.exe, AssemblyResolver.ctor: Creating AssemblyResolver with searchDirectories C:\Program Files\Microsoft Visual Studio\2022\Community\Common7\IDE\Extensions\TestPlatform\Extensions,C:\Program Files\Microsoft Visual Studio\2022\Community\Common7\IDE\Extensions\TestPlatform,C:\Program Files\Microsoft Visual Studio\2022\Community\Common7\IDE\PrivateAssemblies,C:\Program Files\Microsoft Visual Studio\2022\Community\Common7\IDE\PublicAssemblies,C:\Program Files\Microsoft Visual Studio\2022\Community\Common7\IDE\CommonExtensions\Microsoft\TestWindow,C:\Program Files\Microsoft Visual Studio\2022\Community\Common7\IDE\CommonExtensions\Microsoft\TeamFoundation\Team Explorer,C:\Program Files\Microsoft Visual Studio\2022\Community\Common7\IDE
TpTrace Verbose: 0 : 60008, 1, 2025/09/25, 14:09:22.536, 873139597161, vstest.console.exe, TestPluginCache.DiscoverTestExtensions: Discovering the extensions using extension path.
TpTrace Verbose: 0 : 60008, 1, 2025/09/25, 14:09:22.536, 873139597698, vstest.console.exe, TestPluginCache.GetExtensionPaths: Filtered extension paths: 
TpTrace Verbose: 0 : 60008, 1, 2025/09/25, 14:09:22.536, 873139598071, vstest.console.exe, TestPluginCache.GetExtensionPaths: Added default extension paths: C:\Program Files\Microsoft Visual Studio\2022\Community\Common7\IDE\Extensions\TestPlatform\Extensions\Microsoft.TestPlatform.Extensions.BlameDataCollector.dll
C:\Program Files\Microsoft Visual Studio\2022\Community\Common7\IDE\Extensions\TestPlatform\Extensions\Microsoft.TestPlatform.Extensions.EventLogCollector.dll
C:\Program Files\Microsoft Visual Studio\2022\Community\Common7\IDE\Extensions\TestPlatform\Extensions\Microsoft.TestPlatform.TestHostRuntimeProvider.dll
C:\Program Files\Microsoft Visual Studio\2022\Community\Common7\IDE\Extensions\TestPlatform\Extensions\Microsoft.VisualStudio.ArchitectureTools.PEReader.dll
C:\Program Files\Microsoft Visual Studio\2022\Community\Common7\IDE\Extensions\TestPlatform\Extensions\Microsoft.VisualStudio.TestPlatform.Extensions.CodedWebTestAdapter.dll
C:\Program Files\Microsoft Visual Studio\2022\Community\Common7\IDE\Extensions\TestPlatform\Extensions\Microsoft.VisualStudio.TestPlatform.Extensions.Html.TestLogger.dll
C:\Program Files\Microsoft Visual Studio\2022\Community\Common7\IDE\Extensions\TestPlatform\Extensions\Microsoft.VisualStudio.TestPlatform.Extensions.TmiAdapter.dll
C:\Program Files\Microsoft Visual Studio\2022\Community\Common7\IDE\Extensions\TestPlatform\Extensions\Microsoft.VisualStudio.TestPlatform.Extensions.Trx.TestLogger.dll
C:\Program Files\Microsoft Visual Studio\2022\Community\Common7\IDE\Extensions\TestPlatform\Extensions\Microsoft.VisualStudio.TestPlatform.Extensions.VSTestIntegration.dll
C:\Program Files\Microsoft Visual Studio\2022\Community\Common7\IDE\Extensions\TestPlatform\Extensions\Microsoft.VisualStudio.TestPlatform.Extensions.WebTestAdapter.dll
C:\Program Files\Microsoft Visual Studio\2022\Community\Common7\IDE\Extensions\TestPlatform\Extensions\Microsoft.VisualStudio.TestTools.CppUnitTestFramework.ComInterfaces.dll
C:\Program Files\Microsoft Visual Studio\2022\Community\Common7\IDE\Extensions\TestPlatform\Extensions\Microsoft.VisualStudio.TestTools.CppUnitTestFramework.CppUnitTestExtension.dll
C:\Program Files\Microsoft Visual Studio\2022\Community\Common7\IDE\Extensions\TestPlatform\Extensions\Microsoft.VisualStudio.TestTools.DataCollection.MediaRecorder.Model.dll
C:\Program Files\Microsoft Visual Studio\2022\Community\Common7\IDE\Extensions\TestPlatform\Extensions\Microsoft.VisualStudio.TestTools.DataCollection.VideoRecorderCollector.dll
C:\Program Files\Microsoft Visual Studio\2022\Community\Common7\IDE\Extensions\TestPlatform\Extensions\Microsoft.VisualStudio.UwpTestHostRuntimeProvider.dll
TpTrace Verbose: 0 : 60008, 1, 2025/09/25, 14:09:22.536, 873139598333, vstest.console.exe, TestPluginCache.GetExtensionPaths: Added unfilterableExtensionPaths: 
TpTrace Verbose: 0 : 60008, 1, 2025/09/25, 14:09:22.536, 873139598600, vstest.console.exe, TestPluginCache.DiscoverTestExtensions: Discovering the extensions using allExtensionPaths: C:\Program Files\Microsoft Visual Studio\2022\Community\Common7\IDE\Extensions\TestPlatform\Extensions\Microsoft.TestPlatform.Extensions.BlameDataCollector.dll
C:\Program Files\Microsoft Visual Studio\2022\Community\Common7\IDE\Extensions\TestPlatform\Extensions\Microsoft.TestPlatform.Extensions.EventLogCollector.dll
C:\Program Files\Microsoft Visual Studio\2022\Community\Common7\IDE\Extensions\TestPlatform\Extensions\Microsoft.TestPlatform.TestHostRuntimeProvider.dll
C:\Program Files\Microsoft Visual Studio\2022\Community\Common7\IDE\Extensions\TestPlatform\Extensions\Microsoft.VisualStudio.ArchitectureTools.PEReader.dll
C:\Program Files\Microsoft Visual Studio\2022\Community\Common7\IDE\Extensions\TestPlatform\Extensions\Microsoft.VisualStudio.TestPlatform.Extensions.CodedWebTestAdapter.dll
C:\Program Files\Microsoft Visual Studio\2022\Community\Common7\IDE\Extensions\TestPlatform\Extensions\Microsoft.VisualStudio.TestPlatform.Extensions.Html.TestLogger.dll
C:\Program Files\Microsoft Visual Studio\2022\Community\Common7\IDE\Extensions\TestPlatform\Extensions\Microsoft.VisualStudio.TestPlatform.Extensions.TmiAdapter.dll
C:\Program Files\Microsoft Visual Studio\2022\Community\Common7\IDE\Extensions\TestPlatform\Extensions\Microsoft.VisualStudio.TestPlatform.Extensions.Trx.TestLogger.dll
C:\Program Files\Microsoft Visual Studio\2022\Community\Common7\IDE\Extensions\TestPlatform\Extensions\Microsoft.VisualStudio.TestPlatform.Extensions.VSTestIntegration.dll
C:\Program Files\Microsoft Visual Studio\2022\Community\Common7\IDE\Extensions\TestPlatform\Extensions\Microsoft.VisualStudio.TestPlatform.Extensions.WebTestAdapter.dll
C:\Program Files\Microsoft Visual Studio\2022\Community\Common7\IDE\Extensions\TestPlatform\Extensions\Microsoft.VisualStudio.TestTools.CppUnitTestFramework.ComInterfaces.dll
C:\Program Files\Microsoft Visual Studio\2022\Community\Common7\IDE\Extensions\TestPlatform\Extensions\Microsoft.VisualStudio.TestTools.CppUnitTestFramework.CppUnitTestExtension.dll
C:\Program Files\Microsoft Visual Studio\2022\Community\Common7\IDE\Extensions\TestPlatform\Extensions\Microsoft.VisualStudio.TestTools.DataCollection.MediaRecorder.Model.dll
C:\Program Files\Microsoft Visual Studio\2022\Community\Common7\IDE\Extensions\TestPlatform\Extensions\Microsoft.VisualStudio.TestTools.DataCollection.VideoRecorderCollector.dll
C:\Program Files\Microsoft Visual Studio\2022\Community\Common7\IDE\Extensions\TestPlatform\Extensions\Microsoft.VisualStudio.UwpTestHostRuntimeProvider.dll
TpTrace Information: 0 : 60008, 1, 2025/09/25, 14:09:22.536, 873139604769, vstest.console.exe, AssemblyResolver.AddSearchDirectories: Adding more searchDirectories C:\Program Files\Microsoft Visual Studio\2022\Community\Common7\IDE\Extensions\TestPlatform\Extensions,C:\Program Files\Microsoft Visual Studio\2022\Community\Common7\IDE\Extensions\TestPlatform
TpTrace Information: 0 : 60008, 1, 2025/09/25, 14:09:22.536, 873139605395, vstest.console.exe, AssemblyResolver.AddSearchDirectories: Adding more searchDirectories C:\Program Files\Microsoft Visual Studio\2022\Community\Common7\IDE\Extensions\TestPlatform\Extensions,C:\Program Files\Microsoft Visual Studio\2022\Community\Common7\IDE\Extensions\TestPlatform
TpTrace Information: 0 : 60008, 1, 2025/09/25, 14:09:22.536, 873139605692, vstest.console.exe, AssemblyResolver.AddSearchDirectories: Adding more searchDirectories C:\Program Files\Microsoft Visual Studio\2022\Community\Common7\IDE\Extensions\TestPlatform\Extensions,C:\Program Files\Microsoft Visual Studio\2022\Community\Common7\IDE\Extensions\TestPlatform
TpTrace Information: 0 : 60008, 1, 2025/09/25, 14:09:22.536, 873139605870, vstest.console.exe, AssemblyResolver.AddSearchDirectories: Adding more searchDirectories C:\Program Files\Microsoft Visual Studio\2022\Community\Common7\IDE\Extensions\TestPlatform\Extensions,C:\Program Files\Microsoft Visual Studio\2022\Community\Common7\IDE\Extensions\TestPlatform
TpTrace Information: 0 : 60008, 1, 2025/09/25, 14:09:22.536, 873139606036, vstest.console.exe, AssemblyResolver.AddSearchDirectories: Adding more searchDirectories C:\Program Files\Microsoft Visual Studio\2022\Community\Common7\IDE\Extensions\TestPlatform\Extensions,C:\Program Files\Microsoft Visual Studio\2022\Community\Common7\IDE\Extensions\TestPlatform
TpTrace Information: 0 : 60008, 1, 2025/09/25, 14:09:22.536, 873139606221, vstest.console.exe, AssemblyResolver.AddSearchDirectories: Adding more searchDirectories C:\Program Files\Microsoft Visual Studio\2022\Community\Common7\IDE\Extensions\TestPlatform\Extensions,C:\Program Files\Microsoft Visual Studio\2022\Community\Common7\IDE\Extensions\TestPlatform
TpTrace Information: 0 : 60008, 1, 2025/09/25, 14:09:22.536, 873139606396, vstest.console.exe, AssemblyResolver.AddSearchDirectories: Adding more searchDirectories C:\Program Files\Microsoft Visual Studio\2022\Community\Common7\IDE\Extensions\TestPlatform\Extensions,C:\Program Files\Microsoft Visual Studio\2022\Community\Common7\IDE\Extensions\TestPlatform
TpTrace Information: 0 : 60008, 1, 2025/09/25, 14:09:22.536, 873139606573, vstest.console.exe, AssemblyResolver.AddSearchDirectories: Adding more searchDirectories C:\Program Files\Microsoft Visual Studio\2022\Community\Common7\IDE\Extensions\TestPlatform\Extensions,C:\Program Files\Microsoft Visual Studio\2022\Community\Common7\IDE\Extensions\TestPlatform
TpTrace Information: 0 : 60008, 1, 2025/09/25, 14:09:22.536, 873139606740, vstest.console.exe, AssemblyResolver.AddSearchDirectories: Adding more searchDirectories C:\Program Files\Microsoft Visual Studio\2022\Community\Common7\IDE\Extensions\TestPlatform\Extensions,C:\Program Files\Microsoft Visual Studio\2022\Community\Common7\IDE\Extensions\TestPlatform
TpTrace Information: 0 : 60008, 1, 2025/09/25, 14:09:22.536, 873139606902, vstest.console.exe, AssemblyResolver.AddSearchDirectories: Adding more searchDirectories C:\Program Files\Microsoft Visual Studio\2022\Community\Common7\IDE\Extensions\TestPlatform\Extensions,C:\Program Files\Microsoft Visual Studio\2022\Community\Common7\IDE\Extensions\TestPlatform
TpTrace Information: 0 : 60008, 1, 2025/09/25, 14:09:22.536, 873139607067, vstest.console.exe, AssemblyResolver.AddSearchDirectories: Adding more searchDirectories C:\Program Files\Microsoft Visual Studio\2022\Community\Common7\IDE\Extensions\TestPlatform\Extensions,C:\Program Files\Microsoft Visual Studio\2022\Community\Common7\IDE\Extensions\TestPlatform
TpTrace Information: 0 : 60008, 1, 2025/09/25, 14:09:22.536, 873139607228, vstest.console.exe, AssemblyResolver.AddSearchDirectories: Adding more searchDirectories C:\Program Files\Microsoft Visual Studio\2022\Community\Common7\IDE\Extensions\TestPlatform\Extensions,C:\Program Files\Microsoft Visual Studio\2022\Community\Common7\IDE\Extensions\TestPlatform
TpTrace Information: 0 : 60008, 1, 2025/09/25, 14:09:22.536, 873139607392, vstest.console.exe, AssemblyResolver.AddSearchDirectories: Adding more searchDirectories C:\Program Files\Microsoft Visual Studio\2022\Community\Common7\IDE\Extensions\TestPlatform\Extensions,C:\Program Files\Microsoft Visual Studio\2022\Community\Common7\IDE\Extensions\TestPlatform
TpTrace Information: 0 : 60008, 1, 2025/09/25, 14:09:22.536, 873139607555, vstest.console.exe, AssemblyResolver.AddSearchDirectories: Adding more searchDirectories C:\Program Files\Microsoft Visual Studio\2022\Community\Common7\IDE\Extensions\TestPlatform\Extensions,C:\Program Files\Microsoft Visual Studio\2022\Community\Common7\IDE\Extensions\TestPlatform
TpTrace Information: 0 : 60008, 1, 2025/09/25, 14:09:22.536, 873139607746, vstest.console.exe, AssemblyResolver.AddSearchDirectories: Adding more searchDirectories C:\Program Files\Microsoft Visual Studio\2022\Community\Common7\IDE\Extensions\TestPlatform\Extensions,C:\Program Files\Microsoft Visual Studio\2022\Community\Common7\IDE\Extensions\TestPlatform
TpTrace Verbose: 0 : 60008, 1, 2025/09/25, 14:09:22.548, 873139719461, vstest.console.exe, MetadataReaderExtensionsHelper: Discovering extensions inside assembly 'Microsoft.TestPlatform.Extensions.BlameDataCollector, Version=15.0.0.0, Culture=neutral, PublicKeyToken=b03f5f7f11d50a3a' file path 'C:\Program Files\Microsoft Visual Studio\2022\Community\Common7\IDE\Extensions\TestPlatform\Extensions\Microsoft.TestPlatform.Extensions.BlameDataCollector.dll'
TpTrace Verbose: 0 : 60008, 1, 2025/09/25, 14:09:22.583, 873140076378, vstest.console.exe, MetadataReaderExtensionsHelper: Discovering extensions inside assembly 'Microsoft.TestPlatform.Extensions.EventLogCollector, Version=15.0.0.0, Culture=neutral, PublicKeyToken=b03f5f7f11d50a3a' file path 'C:\Program Files\Microsoft Visual Studio\2022\Community\Common7\IDE\Extensions\TestPlatform\Extensions\Microsoft.TestPlatform.Extensions.EventLogCollector.dll'
TpTrace Verbose: 0 : 60008, 1, 2025/09/25, 14:09:22.584, 873140090622, vstest.console.exe, MetadataReaderExtensionsHelper: Discovering extensions inside assembly 'Microsoft.TestPlatform.TestHostRuntimeProvider, Version=15.0.0.0, Culture=neutral, PublicKeyToken=b03f5f7f11d50a3a' file path 'C:\Program Files\Microsoft Visual Studio\2022\Community\Common7\IDE\Extensions\TestPlatform\Extensions\Microsoft.TestPlatform.TestHostRuntimeProvider.dll'
TpTrace Information: 0 : 60008, 1, 2025/09/25, 14:09:22.586, 873140108061, vstest.console.exe, GetTestExtensionFromType: Register extension with identifier data 'HostProvider://DefaultTestHost' and type 'Microsoft.VisualStudio.TestPlatform.CrossPlatEngine.Hosting.DefaultTestHostManager, Microsoft.TestPlatform.TestHostRuntimeProvider, Version=15.0.0.0, Culture=neutral, PublicKeyToken=b03f5f7f11d50a3a' inside file 'C:\Program Files\Microsoft Visual Studio\2022\Community\Common7\IDE\Extensions\TestPlatform\Extensions\Microsoft.TestPlatform.TestHostRuntimeProvider.dll'
TpTrace Information: 0 : 60008, 1, 2025/09/25, 14:09:22.586, 873140108807, vstest.console.exe, GetTestExtensionFromType: Register extension with identifier data 'HostProvider://DotnetTestHost' and type 'Microsoft.VisualStudio.TestPlatform.CrossPlatEngine.Hosting.DotnetTestHostManager, Microsoft.TestPlatform.TestHostRuntimeProvider, Version=15.0.0.0, Culture=neutral, PublicKeyToken=b03f5f7f11d50a3a' inside file 'C:\Program Files\Microsoft Visual Studio\2022\Community\Common7\IDE\Extensions\TestPlatform\Extensions\Microsoft.TestPlatform.TestHostRuntimeProvider.dll'
TpTrace Verbose: 0 : 60008, 1, 2025/09/25, 14:09:22.587, 873140120916, vstest.console.exe, MetadataReaderExtensionsHelper: Discovering extensions inside assembly 'Microsoft.VisualStudio.ArchitectureTools.PEReader, Version=17.0.0.0, Culture=neutral, PublicKeyToken=b03f5f7f11d50a3a' file path 'C:\Program Files\Microsoft Visual Studio\2022\Community\Common7\IDE\Extensions\TestPlatform\Extensions\Microsoft.VisualStudio.ArchitectureTools.PEReader.dll'
TpTrace Verbose: 0 : 60008, 1, 2025/09/25, 14:09:22.610, 873140339363, vstest.console.exe, MetadataReaderExtensionsHelper: Discovering extensions inside assembly 'Microsoft.VisualStudio.TestPlatform.Extensions.CodedWebTestAdapter, Version=17.0.0.0, Culture=neutral, PublicKeyToken=b03f5f7f11d50a3a' file path 'C:\Program Files\Microsoft Visual Studio\2022\Community\Common7\IDE\Extensions\TestPlatform\Extensions\Microsoft.VisualStudio.TestPlatform.Extensions.CodedWebTestAdapter.dll'
TpTrace Verbose: 0 : 60008, 1, 2025/09/25, 14:09:22.614, 873140377914, vstest.console.exe, MetadataReaderExtensionsHelper: Discovering extensions inside assembly 'Microsoft.VisualStudio.TestPlatform.Extensions.Html.TestLogger, Version=15.0.0.0, Culture=neutral, PublicKeyToken=b03f5f7f11d50a3a' file path 'C:\Program Files\Microsoft Visual Studio\2022\Community\Common7\IDE\Extensions\TestPlatform\Extensions\Microsoft.VisualStudio.TestPlatform.Extensions.Html.TestLogger.dll'
TpTrace Verbose: 0 : 60008, 1, 2025/09/25, 14:09:22.614, 873140385286, vstest.console.exe, MetadataReaderExtensionsHelper: Discovering extensions inside assembly 'Microsoft.VisualStudio.TestPlatform.Extensions.TmiAdapter, Version=17.0.0.0, Culture=neutral, PublicKeyToken=b03f5f7f11d50a3a' file path 'C:\Program Files\Microsoft Visual Studio\2022\Community\Common7\IDE\Extensions\TestPlatform\Extensions\Microsoft.VisualStudio.TestPlatform.Extensions.TmiAdapter.dll'
TpTrace Verbose: 0 : 60008, 1, 2025/09/25, 14:09:22.637, 873140612543, vstest.console.exe, MetadataReaderExtensionsHelper: Discovering extensions inside assembly 'Microsoft.VisualStudio.TestPlatform.Extensions.Trx.TestLogger, Version=15.0.0.0, Culture=neutral, PublicKeyToken=b03f5f7f11d50a3a' file path 'C:\Program Files\Microsoft Visual Studio\2022\Community\Common7\IDE\Extensions\TestPlatform\Extensions\Microsoft.VisualStudio.TestPlatform.Extensions.Trx.TestLogger.dll'
TpTrace Verbose: 0 : 60008, 1, 2025/09/25, 14:09:22.638, 873140627176, vstest.console.exe, MetadataReaderExtensionsHelper: Discovering extensions inside assembly 'Microsoft.VisualStudio.TestPlatform.Extensions.VSTestIntegration, Version=17.0.0.0, Culture=neutral, PublicKeyToken=b03f5f7f11d50a3a' file path 'C:\Program Files\Microsoft Visual Studio\2022\Community\Common7\IDE\Extensions\TestPlatform\Extensions\Microsoft.VisualStudio.TestPlatform.Extensions.VSTestIntegration.dll'
TpTrace Verbose: 0 : 60008, 1, 2025/09/25, 14:09:22.642, 873140669060, vstest.console.exe, MetadataReaderExtensionsHelper: Discovering extensions inside assembly 'Microsoft.VisualStudio.TestPlatform.Extensions.WebTestAdapter, Version=17.0.0.0, Culture=neutral, PublicKeyToken=b03f5f7f11d50a3a' file path 'C:\Program Files\Microsoft Visual Studio\2022\Community\Common7\IDE\Extensions\TestPlatform\Extensions\Microsoft.VisualStudio.TestPlatform.Extensions.WebTestAdapter.dll'
TpTrace Verbose: 0 : 60008, 1, 2025/09/25, 14:09:22.644, 873140679591, vstest.console.exe, MetadataReaderExtensionsHelper: Discovering extensions inside assembly 'Microsoft.VisualStudio.TestTools.CppUnitTestFramework.ComInterfaces, Version=17.0.0.0, Culture=neutral, PublicKeyToken=b03f5f7f11d50a3a' file path 'C:\Program Files\Microsoft Visual Studio\2022\Community\Common7\IDE\Extensions\TestPlatform\Extensions\Microsoft.VisualStudio.TestTools.CppUnitTestFramework.ComInterfaces.dll'
TpTrace Verbose: 0 : 60008, 1, 2025/09/25, 14:09:22.645, 873140689933, vstest.console.exe, MetadataReaderExtensionsHelper: Discovering extensions inside assembly 'Microsoft.VisualStudio.TestTools.CppUnitTestFramework.CppUnitTestExtension, Version=17.0.0.0, Culture=neutral, PublicKeyToken=b03f5f7f11d50a3a' file path 'C:\Program Files\Microsoft Visual Studio\2022\Community\Common7\IDE\Extensions\TestPlatform\Extensions\Microsoft.VisualStudio.TestTools.CppUnitTestFramework.CppUnitTestExtension.dll'
TpTrace Verbose: 0 : 60008, 1, 2025/09/25, 14:09:22.646, 873140701738, vstest.console.exe, MetadataReaderExtensionsHelper: Discovering extensions inside assembly 'Microsoft.VisualStudio.TestTools.DataCollection.MediaRecorder.Model, Version=4.0.0.0, Culture=neutral, PublicKeyToken=b03f5f7f11d50a3a' file path 'C:\Program Files\Microsoft Visual Studio\2022\Community\Common7\IDE\Extensions\TestPlatform\Extensions\Microsoft.VisualStudio.TestTools.DataCollection.MediaRecorder.Model.dll'
TpTrace Verbose: 0 : 60008, 1, 2025/09/25, 14:09:22.647, 873140711467, vstest.console.exe, MetadataReaderExtensionsHelper: Discovering extensions inside assembly 'Microsoft.VisualStudio.TestTools.DataCollection.VideoRecorderCollector, Version=17.0.0.0, Culture=neutral, PublicKeyToken=b03f5f7f11d50a3a' file path 'C:\Program Files\Microsoft Visual Studio\2022\Community\Common7\IDE\Extensions\TestPlatform\Extensions\Microsoft.VisualStudio.TestTools.DataCollection.VideoRecorderCollector.dll'
TpTrace Verbose: 0 : 60008, 1, 2025/09/25, 14:09:22.648, 873140724433, vstest.console.exe, MetadataReaderExtensionsHelper: Discovering extensions inside assembly 'Microsoft.VisualStudio.UwpTestHostRuntimeProvider, Version=17.0.0.0, Culture=neutral, PublicKeyToken=b03f5f7f11d50a3a' file path 'C:\Program Files\Microsoft Visual Studio\2022\Community\Common7\IDE\Extensions\TestPlatform\Extensions\Microsoft.VisualStudio.UwpTestHostRuntimeProvider.dll'
TpTrace Information: 0 : 60008, 1, 2025/09/25, 14:09:22.651, 873140756916, vstest.console.exe, GetTestExtensionFromType: Register extension with identifier data 'HostProvider://UwpTestHost' and type 'Microsoft.VisualStudio.UwpTestHostRuntimeProvider.UwpTestHostManager, Microsoft.VisualStudio.UwpTestHostRuntimeProvider, Version=17.0.0.0, Culture=neutral, PublicKeyToken=b03f5f7f11d50a3a' inside file 'C:\Program Files\Microsoft Visual Studio\2022\Community\Common7\IDE\Extensions\TestPlatform\Extensions\Microsoft.VisualStudio.UwpTestHostRuntimeProvider.dll'
TpTrace Verbose: 0 : 60008, 1, 2025/09/25, 14:09:22.654, 873140783393, vstest.console.exe, TestPluginCache: Discovered the extensions using extension path ''.
TpTrace Verbose: 0 : 60008, 1, 2025/09/25, 14:09:22.655, 873140793250, vstest.console.exe, TestPluginCache: Discoverers are ''.
TpTrace Verbose: 0 : 60008, 1, 2025/09/25, 14:09:22.655, 873140793690, vstest.console.exe, TestPluginCache: Executors are ''.
TpTrace Verbose: 0 : 60008, 1, 2025/09/25, 14:09:22.655, 873140793811, vstest.console.exe, TestPluginCache: Executors2 are ''.
TpTrace Verbose: 0 : 60008, 1, 2025/09/25, 14:09:22.655, 873140793962, vstest.console.exe, TestPluginCache: Setting providers are ''.
TpTrace Verbose: 0 : 60008, 1, 2025/09/25, 14:09:22.655, 873140794064, vstest.console.exe, TestPluginCache: Loggers are ''.
TpTrace Verbose: 0 : 60008, 1, 2025/09/25, 14:09:22.655, 873140794253, vstest.console.exe, TestPluginCache: TestHosts are 'HostProvider://DefaultTestHost,HostProvider://DotnetTestHost,HostProvider://UwpTestHost'.
TpTrace Verbose: 0 : 60008, 1, 2025/09/25, 14:09:22.655, 873140794360, vstest.console.exe, TestPluginCache: DataCollectors are ''.
TpTrace Information: 0 : 60008, 1, 2025/09/25, 14:09:22.666, 873140905051, vstest.console.exe, RunTestsArgumentProcessor:Execute: Test run is starting.
TpTrace Verbose: 0 : 60008, 1, 2025/09/25, 14:09:22.666, 873140905604, vstest.console.exe, RunTestsArgumentProcessor:Execute: Queuing Test run.
TpTrace Information: 0 : 60008, 1, 2025/09/25, 14:09:22.668, 873140928076, vstest.console.exe, TestRequestManager.RunTests: run tests started.
TpTrace Information: 0 : 60008, 1, 2025/09/25, 14:09:22.676, 873141005425, vstest.console.exe, AssemblyMetadataProvider.GetFrameworkName: Determined framework:'.NETCoreApp,Version=v8.0' for source: 'C:\Users\gomur\source\repos\COM_Nostr\UnitTest_COM_Nostr\bin\Debug\net8.0-windows\UnitTest_COM_Nostr.dll'
TpTrace Information: 0 : 60008, 1, 2025/09/25, 14:09:22.676, 873141006583, vstest.console.exe, Determined framework for all sources: .NETCoreApp,Version=v8.0
TpTrace Verbose: 0 : 60008, 1, 2025/09/25, 14:09:22.677, 873141018142, vstest.console.exe, TestRequestManager.UpdateRunSettingsIfRequired: Default architecture: X64 IsDefaultTargetArchitecture: True, Current process architecture: X64 OperatingSystem: Windows.
TpTrace Information: 0 : 60008, 1, 2025/09/25, 14:09:22.681, 873141055998, vstest.console.exe, AssemblyMetadataProvider.GetArchitecture: Determined architecture:AnyCPU info for assembly: C:\Users\gomur\source\repos\COM_Nostr\UnitTest_COM_Nostr\bin\Debug\net8.0-windows\UnitTest_COM_Nostr.dll
TpTrace Information: 0 : 60008, 1, 2025/09/25, 14:09:22.681, 873141056630, vstest.console.exe, Determined platform for source 'C:\Users\gomur\source\repos\COM_Nostr\UnitTest_COM_Nostr\bin\Debug\net8.0-windows\UnitTest_COM_Nostr.dll' was AnyCPU and it will use the default plaform X64.
TpTrace Information: 0 : 60008, 1, 2025/09/25, 14:09:22.681, 873141056811, vstest.console.exe, None of the sources provided any runnable platform, using the default platform: X64
TpTrace Information: 0 : 60008, 1, 2025/09/25, 14:09:22.681, 873141057547, vstest.console.exe, Platform was updated to 'X64'.
TpTrace Information: 0 : 60008, 1, 2025/09/25, 14:09:22.686, 873141110047, vstest.console.exe, InferRunSettingsHelper.IsTestSettingsEnabled: Unable to navigate to RunSettings/MSTest. Current node: RunSettings
TpTrace Information: 0 : 60008, 1, 2025/09/25, 14:09:22.690, 873141145264, vstest.console.exe, AssemblyResolver.OnResolve: Microsoft.VisualStudio.TestPlatform.Fakes, Version=17.0.0.0, Culture=neutral: Resolving assembly.
TpTrace Information: 0 : 60008, 1, 2025/09/25, 14:09:22.690, 873141145954, vstest.console.exe, AssemblyResolver.OnResolve: Microsoft.VisualStudio.TestPlatform.Fakes, Version=17.0.0.0, Culture=neutral: Searching in: 'C:\Program Files\Microsoft Visual Studio\2022\Community\Common7\IDE\Extensions\TestPlatform\Extensions'.
TpTrace Information: 0 : 60008, 1, 2025/09/25, 14:09:22.690, 873141146548, vstest.console.exe, AssemblyResolver.OnResolve: Microsoft.VisualStudio.TestPlatform.Fakes, Version=17.0.0.0, Culture=neutral: Assembly path does not exist: 'C:\Program Files\Microsoft Visual Studio\2022\Community\Common7\IDE\Extensions\TestPlatform\Extensions\Microsoft.VisualStudio.TestPlatform.Fakes.dll', returning.
TpTrace Information: 0 : 60008, 1, 2025/09/25, 14:09:22.690, 873141146872, vstest.console.exe, AssemblyResolver.OnResolve: Microsoft.VisualStudio.TestPlatform.Fakes, Version=17.0.0.0, Culture=neutral: Assembly path does not exist: 'C:\Program Files\Microsoft Visual Studio\2022\Community\Common7\IDE\Extensions\TestPlatform\Extensions\Microsoft.VisualStudio.TestPlatform.Fakes.exe', returning.
TpTrace Information: 0 : 60008, 1, 2025/09/25, 14:09:22.690, 873141147010, vstest.console.exe, AssemblyResolver.OnResolve: Microsoft.VisualStudio.TestPlatform.Fakes, Version=17.0.0.0, Culture=neutral: Searching in: 'C:\Program Files\Microsoft Visual Studio\2022\Community\Common7\IDE\Extensions\TestPlatform'.
TpTrace Information: 0 : 60008, 1, 2025/09/25, 14:09:22.690, 873141147312, vstest.console.exe, AssemblyResolver.OnResolve: Microsoft.VisualStudio.TestPlatform.Fakes, Version=17.0.0.0, Culture=neutral: Assembly path does not exist: 'C:\Program Files\Microsoft Visual Studio\2022\Community\Common7\IDE\Extensions\TestPlatform\Microsoft.VisualStudio.TestPlatform.Fakes.dll', returning.
TpTrace Information: 0 : 60008, 1, 2025/09/25, 14:09:22.690, 873141147548, vstest.console.exe, AssemblyResolver.OnResolve: Microsoft.VisualStudio.TestPlatform.Fakes, Version=17.0.0.0, Culture=neutral: Assembly path does not exist: 'C:\Program Files\Microsoft Visual Studio\2022\Community\Common7\IDE\Extensions\TestPlatform\Microsoft.VisualStudio.TestPlatform.Fakes.exe', returning.
TpTrace Information: 0 : 60008, 1, 2025/09/25, 14:09:22.690, 873141147684, vstest.console.exe, AssemblyResolver.OnResolve: Microsoft.VisualStudio.TestPlatform.Fakes, Version=17.0.0.0, Culture=neutral: Searching in: 'C:\Program Files\Microsoft Visual Studio\2022\Community\Common7\IDE\PrivateAssemblies'.
TpTrace Information: 0 : 60008, 1, 2025/09/25, 14:09:22.690, 873141147954, vstest.console.exe, AssemblyResolver.OnResolve: Microsoft.VisualStudio.TestPlatform.Fakes, Version=17.0.0.0, Culture=neutral: Assembly path does not exist: 'C:\Program Files\Microsoft Visual Studio\2022\Community\Common7\IDE\PrivateAssemblies\Microsoft.VisualStudio.TestPlatform.Fakes.dll', returning.
TpTrace Information: 0 : 60008, 1, 2025/09/25, 14:09:22.690, 873141148184, vstest.console.exe, AssemblyResolver.OnResolve: Microsoft.VisualStudio.TestPlatform.Fakes, Version=17.0.0.0, Culture=neutral: Assembly path does not exist: 'C:\Program Files\Microsoft Visual Studio\2022\Community\Common7\IDE\PrivateAssemblies\Microsoft.VisualStudio.TestPlatform.Fakes.exe', returning.
TpTrace Information: 0 : 60008, 1, 2025/09/25, 14:09:22.690, 873141148294, vstest.console.exe, AssemblyResolver.OnResolve: Microsoft.VisualStudio.TestPlatform.Fakes, Version=17.0.0.0, Culture=neutral: Searching in: 'C:\Program Files\Microsoft Visual Studio\2022\Community\Common7\IDE\PublicAssemblies'.
TpTrace Information: 0 : 60008, 1, 2025/09/25, 14:09:22.690, 873141148597, vstest.console.exe, AssemblyResolver.OnResolve: Microsoft.VisualStudio.TestPlatform.Fakes, Version=17.0.0.0, Culture=neutral: Assembly path does not exist: 'C:\Program Files\Microsoft Visual Studio\2022\Community\Common7\IDE\PublicAssemblies\Microsoft.VisualStudio.TestPlatform.Fakes.dll', returning.
TpTrace Information: 0 : 60008, 1, 2025/09/25, 14:09:22.690, 873141148820, vstest.console.exe, AssemblyResolver.OnResolve: Microsoft.VisualStudio.TestPlatform.Fakes, Version=17.0.0.0, Culture=neutral: Assembly path does not exist: 'C:\Program Files\Microsoft Visual Studio\2022\Community\Common7\IDE\PublicAssemblies\Microsoft.VisualStudio.TestPlatform.Fakes.exe', returning.
TpTrace Information: 0 : 60008, 1, 2025/09/25, 14:09:22.690, 873141149291, vstest.console.exe, AssemblyResolver.OnResolve: Microsoft.VisualStudio.TestPlatform.Fakes, Version=17.0.0.0, Culture=neutral: Searching in: 'C:\Program Files\Microsoft Visual Studio\2022\Community\Common7\IDE\CommonExtensions\Microsoft\TestWindow'.
TpTrace Information: 0 : 60008, 1, 2025/09/25, 14:09:22.690, 873141149612, vstest.console.exe, AssemblyResolver.OnResolve: Microsoft.VisualStudio.TestPlatform.Fakes, Version=17.0.0.0, Culture=neutral: Assembly path does not exist: 'C:\Program Files\Microsoft Visual Studio\2022\Community\Common7\IDE\CommonExtensions\Microsoft\TestWindow\Microsoft.VisualStudio.TestPlatform.Fakes.dll', returning.
TpTrace Information: 0 : 60008, 1, 2025/09/25, 14:09:22.690, 873141149845, vstest.console.exe, AssemblyResolver.OnResolve: Microsoft.VisualStudio.TestPlatform.Fakes, Version=17.0.0.0, Culture=neutral: Assembly path does not exist: 'C:\Program Files\Microsoft Visual Studio\2022\Community\Common7\IDE\CommonExtensions\Microsoft\TestWindow\Microsoft.VisualStudio.TestPlatform.Fakes.exe', returning.
TpTrace Information: 0 : 60008, 1, 2025/09/25, 14:09:22.690, 873141149977, vstest.console.exe, AssemblyResolver.OnResolve: Microsoft.VisualStudio.TestPlatform.Fakes, Version=17.0.0.0, Culture=neutral: Searching in: 'C:\Program Files\Microsoft Visual Studio\2022\Community\Common7\IDE\CommonExtensions\Microsoft\TeamFoundation\Team Explorer'.
TpTrace Information: 0 : 60008, 1, 2025/09/25, 14:09:22.690, 873141150276, vstest.console.exe, AssemblyResolver.OnResolve: Microsoft.VisualStudio.TestPlatform.Fakes, Version=17.0.0.0, Culture=neutral: Assembly path does not exist: 'C:\Program Files\Microsoft Visual Studio\2022\Community\Common7\IDE\CommonExtensions\Microsoft\TeamFoundation\Team Explorer\Microsoft.VisualStudio.TestPlatform.Fakes.dll', returning.
TpTrace Information: 0 : 60008, 1, 2025/09/25, 14:09:22.690, 873141150509, vstest.console.exe, AssemblyResolver.OnResolve: Microsoft.VisualStudio.TestPlatform.Fakes, Version=17.0.0.0, Culture=neutral: Assembly path does not exist: 'C:\Program Files\Microsoft Visual Studio\2022\Community\Common7\IDE\CommonExtensions\Microsoft\TeamFoundation\Team Explorer\Microsoft.VisualStudio.TestPlatform.Fakes.exe', returning.
TpTrace Information: 0 : 60008, 1, 2025/09/25, 14:09:22.690, 873141150618, vstest.console.exe, AssemblyResolver.OnResolve: Microsoft.VisualStudio.TestPlatform.Fakes, Version=17.0.0.0, Culture=neutral: Searching in: 'C:\Program Files\Microsoft Visual Studio\2022\Community\Common7\IDE'.
TpTrace Information: 0 : 60008, 1, 2025/09/25, 14:09:22.690, 873141150880, vstest.console.exe, AssemblyResolver.OnResolve: Microsoft.VisualStudio.TestPlatform.Fakes, Version=17.0.0.0, Culture=neutral: Assembly path does not exist: 'C:\Program Files\Microsoft Visual Studio\2022\Community\Common7\IDE\Microsoft.VisualStudio.TestPlatform.Fakes.dll', returning.
TpTrace Information: 0 : 60008, 1, 2025/09/25, 14:09:22.690, 873141151123, vstest.console.exe, AssemblyResolver.OnResolve: Microsoft.VisualStudio.TestPlatform.Fakes, Version=17.0.0.0, Culture=neutral: Assembly path does not exist: 'C:\Program Files\Microsoft Visual Studio\2022\Community\Common7\IDE\Microsoft.VisualStudio.TestPlatform.Fakes.exe', returning.
TpTrace Information: 0 : 60008, 1, 2025/09/25, 14:09:22.690, 873141151255, vstest.console.exe, AssemblyResolver.OnResolve: Microsoft.VisualStudio.TestPlatform.Fakes, Version=17.0.0.0, Culture=neutral: Failed to load assembly.
TpTrace Information: 0 : 60008, 1, 2025/09/25, 14:09:22.703, 873141280048, vstest.console.exe, Failed to load assembly Microsoft.VisualStudio.TestPlatform.Fakes, Version=17.0.0.0, Culture=neutral. Reason:System.IO.FileNotFoundException: ファイルまたはアセンブリ 'Microsoft.VisualStudio.TestPlatform.Fakes, Version=17.0.0.0, Culture=neutral'、またはその依存関係の 1 つが読み込めませんでした。指定されたファイルが見つかりません。
ファイル名 'Microsoft.VisualStudio.TestPlatform.Fakes, Version=17.0.0.0, Culture=neutral' です。'Microsoft.VisualStudio.TestPlatform.Fakes, Version=17.0.0.0, Culture=neutral'
   場所 System.Reflection.RuntimeAssembly._nLoad(AssemblyName fileName, String codeBase, Evidence assemblySecurity, RuntimeAssembly locationHint, StackCrawlMark& stackMark, IntPtr pPrivHostBinder, Boolean throwOnFileNotFound, Boolean forIntrospection, Boolean suppressSecurityChecks)
   場所 System.Reflection.RuntimeAssembly.InternalLoadAssemblyName(AssemblyName assemblyRef, Evidence assemblySecurity, RuntimeAssembly reqAssembly, StackCrawlMark& stackMark, IntPtr pPrivHostBinder, Boolean throwOnFileNotFound, Boolean forIntrospection, Boolean suppressSecurityChecks)
   場所 System.Reflection.Assembly.Load(AssemblyName assemblyRef)
   場所 Microsoft.VisualStudio.TestPlatform.Common.Utilities.FakesUtilities.LoadTestPlatformAssembly() 場所 /_/src/Microsoft.TestPlatform.Common/Utilities/FakesUtilities.cs:行 273

警告: アセンブリ バインドのログ記録がオフにされています。
アセンブリ バインドのエラー ログを有効にするには、レジストリ値 [HKLM\Software\Microsoft\Fusion!EnableLog] (DWORD) を 1 に設定してください。
注意: アセンブリ バインドのエラー ログに関連するパフォーマンス ペナルティがあります。
この機能をオフにするには、レジストリ値 [HKLM\Software\Microsoft\Fusion!EnableLog] を削除します。

TpTrace Verbose: 0 : 60008, 1, 2025/09/25, 14:09:22.722, 873141462902, vstest.console.exe, TestEngine: Initializing Parallel Execution as MaxCpuCount is set to: 1
TpTrace Information: 0 : 60008, 1, 2025/09/25, 14:09:22.725, 873141496321, vstest.console.exe, TestPluginManager.CreateTestExtension: Attempting to load test extension: Microsoft.VisualStudio.TestPlatform.CrossPlatEngine.Hosting.DefaultTestHostManager
TpTrace Information: 0 : 60008, 1, 2025/09/25, 14:09:22.726, 873141506340, vstest.console.exe, TestPluginManager.CreateTestExtension: Attempting to load test extension: Microsoft.VisualStudio.TestPlatform.CrossPlatEngine.Hosting.DotnetTestHostManager
TpTrace Verbose: 0 : 60008, 1, 2025/09/25, 14:09:22.727, 873141511251, vstest.console.exe, TestHostManagerCallbacks.ctor: Forwarding output is enabled.
TpTrace Information: 0 : 60008, 1, 2025/09/25, 14:09:22.728, 873141523255, vstest.console.exe, InferRunSettingsHelper.IsTestSettingsEnabled: Unable to navigate to RunSettings/MSTest. Current node: RunSettings
TpTrace Verbose: 0 : 60008, 1, 2025/09/25, 14:09:22.729, 873141540642, vstest.console.exe, ParallelOperationManager.ClearSlots: Clearing all slots. Slots should accept more work: True
TpTrace Verbose: 0 : 60008, 1, 2025/09/25, 14:09:22.732, 873141570951, vstest.console.exe, ParallelOperationManager.SetOccupiedSlotCount: Setting slot counts AvailableSlotCount = 1, OccupiedSlotCount = 0.
TpTrace Verbose: 0 : 60008, 1, 2025/09/25, 14:09:22.732, 873141572578, vstest.console.exe, Occupied slots:

TpTrace Verbose: 0 : 60008, 1, 2025/09/25, 14:09:22.733, 873141576877, vstest.console.exe, TestEngine.GetExecutionManager: Chosen execution manager 'Microsoft.VisualStudio.TestPlatform.CrossPlatEngine.Client.Parallel.ParallelProxyExecutionManager, Microsoft.TestPlatform.CrossPlatEngine, Version=15.0.0.0, Culture=neutral, PublicKeyToken=b03f5f7f11d50a3a' ParallelLevel '1'.
TpTrace Verbose: 0 : 60008, 1, 2025/09/25, 14:09:22.733, 873141578570, vstest.console.exe, TestPlatform.GetSkipDefaultAdapters: Not skipping default adapters SkipDefaultAdapters was false.
TpTrace Verbose: 0 : 60008, 1, 2025/09/25, 14:09:22.733, 873141584111, vstest.console.exe, TestRunRequest.ExecuteAsync: Creating test run request.
TpTrace Verbose: 0 : 60008, 1, 2025/09/25, 14:09:22.735, 873141597157, vstest.console.exe, TestRunRequest.ExecuteAsync: Starting.
TpTrace Information: 0 : 60008, 1, 2025/09/25, 14:09:22.736, 873141602745, vstest.console.exe, TestRunRequest.ExecuteAsync: Starting run with settings:TestRunCriteria:
   KeepAlive=False,FrequencyOfRunStatsChangeEvent=10,RunStatsChangeEventTimeout=00:00:01.5000000,TestCaseFilter=,TestExecutorLauncher=
   Settingsxml=<RunSettings>
  <RunConfiguration>
    <ResultsDirectory>C:\Users\gomur\source\repos\COM_Nostr\TestResults</ResultsDirectory>
    <TargetPlatform>X64</TargetPlatform>
    <TargetFrameworkVersion>.NETCoreApp,Version=v8.0</TargetFrameworkVersion>
    <DesignMode>False</DesignMode>
    <CollectSourceInformation>False</CollectSourceInformation>
  </RunConfiguration>
  <LoggerRunSettings>
    <Loggers>
      <Logger friendlyName="Console" uri="logger://microsoft/TestPlatform/ConsoleLogger/v1" assemblyQualifiedName="Microsoft.VisualStudio.TestPlatform.CommandLine.Internal.ConsoleLogger, vstest.console, Version=15.0.0.0, Culture=neutral, PublicKeyToken=b03f5f7f11d50a3a" codeBase="C:\Program Files\Microsoft Visual Studio\2022\Community\Common7\IDE\Extensions\TestPlatform\vstest.console.exe" enabled="True" />
    </Loggers>
  </LoggerRunSettings>
</RunSettings>

TpTrace Verbose: 0 : 60008, 1, 2025/09/25, 14:09:22.736, 873141603214, vstest.console.exe, TestRunRequest.ExecuteAsync: Wait for the first run request is over.
TpTrace Verbose: 0 : 60008, 1, 2025/09/25, 14:09:22.737, 873141614952, vstest.console.exe, MulticastDelegateUtilities.SafeInvoke: TestRun.TestRunStart: Invoking callbacks was skipped because there are no subscribers.
TpTrace Verbose: 0 : 60008, 4, 2025/09/25, 14:09:22.738, 873141625111, vstest.console.exe, MulticastDelegateUtilities.SafeInvoke: InternalTestLoggerEvents.SendTestRunStart: Invoking callback 1/1 for Microsoft.VisualStudio.TestPlatform.CommandLine.Internal.ConsoleLogger., took 0 ms.
TpTrace Verbose: 0 : 60008, 1, 2025/09/25, 14:09:22.741, 873141656723, vstest.console.exe, ParallelProxyExecutionManager: Start execution. Total sources: 1
TpTrace Verbose: 0 : 60008, 1, 2025/09/25, 14:09:22.742, 873141665517, vstest.console.exe, ParallelOperationManager.StartWork: Starting adding 1 workloads.
TpTrace Verbose: 0 : 60008, 1, 2025/09/25, 14:09:22.742, 873141666020, vstest.console.exe, ParallelOperationManager.ClearSlots: Clearing all slots. Slots should accept more work: True
TpTrace Verbose: 0 : 60008, 1, 2025/09/25, 14:09:22.742, 873141666271, vstest.console.exe, ParallelOperationManager.SetOccupiedSlotCount: Setting slot counts AvailableSlotCount = 1, OccupiedSlotCount = 0.
TpTrace Verbose: 0 : 60008, 1, 2025/09/25, 14:09:22.742, 873141666411, vstest.console.exe, Occupied slots:

TpTrace Verbose: 0 : 60008, 1, 2025/09/25, 14:09:22.749, 873141735981, vstest.console.exe, TestHostManagerCallbacks.ctor: Forwarding output is enabled.
TpTrace Verbose: 0 : 60008, 1, 2025/09/25, 14:09:22.749, 873141740631, vstest.console.exe, TestRequestSender is acting as server.
TpTrace Verbose: 0 : 60008, 1, 2025/09/25, 14:09:22.750, 873141747762, vstest.console.exe, ParallelOperationManager.RunWorkInParallel: Adding 1 workload to slot, remaining workloads 0.
TpTrace Verbose: 0 : 60008, 1, 2025/09/25, 14:09:22.750, 873141748165, vstest.console.exe, ParallelOperationManager.SetOccupiedSlotCount: Setting slot counts AvailableSlotCount = 0, OccupiedSlotCount = 1.
TpTrace Verbose: 0 : 60008, 1, 2025/09/25, 14:09:22.751, 873141753707, vstest.console.exe, Occupied slots:
0: C:\Users\gomur\source\repos\COM_Nostr\UnitTest_COM_Nostr\bin\Debug\net8.0-windows\UnitTest_COM_Nostr.dll
TpTrace Verbose: 0 : 60008, 1, 2025/09/25, 14:09:22.751, 873141757191, vstest.console.exe, ParallelOperationManager.RunWorkInParallel: Started host in slot number 0 for work (source): C:\Users\gomur\source\repos\COM_Nostr\UnitTest_COM_Nostr\bin\Debug\net8.0-windows\UnitTest_COM_Nostr.dll.
TpTrace Verbose: 0 : 60008, 1, 2025/09/25, 14:09:22.751, 873141760848, vstest.console.exe, ParallelOperationManager.RunWorkInParallel: We started 1 work items, which is the max parallel level. Won't start more work.
TpTrace Verbose: 0 : 60008, 1, 2025/09/25, 14:09:22.751, 873141761424, vstest.console.exe, ParallelOperationManager.RunWorkInParallel: We started 1 work items in here, returning True.
TpTrace Information: 0 : 60008, 1, 2025/09/25, 14:09:22.751, 873141761558, vstest.console.exe, TestRunRequest.ExecuteAsync: Started.
TpTrace Verbose: 0 : 60008, 1, 2025/09/25, 14:09:22.752, 873141763649, vstest.console.exe, TestRunRequest.WaitForCompletion: Waiting with timeout -1.
TpTrace Verbose: 0 : 60008, 5, 2025/09/25, 14:09:22.752, 873141767698, vstest.console.exe, ParallelProxyExecutionManager.StartTestRunOnConcurrentManager: Initializing uninitialized client. Started clients: 0
TpTrace Verbose: 0 : 60008, 5, 2025/09/25, 14:09:22.752, 873141768424, vstest.console.exe, ParallelProxyExecutionManager.StartTestRunOnConcurrentManager: Initializing test run. Started clients: 0
TpTrace Verbose: 0 : 60008, 5, 2025/09/25, 14:09:22.753, 873141775672, vstest.console.exe, ProxyExecutionManager: Test host is always Lazy initialize.
TpTrace Verbose: 0 : 60008, 5, 2025/09/25, 14:09:22.755, 873141793764, vstest.console.exe, TestRequestSender.InitializeCommunication: initialize communication. 
TpTrace Information: 0 : 60008, 5, 2025/09/25, 14:09:22.757, 873141817231, vstest.console.exe, SocketServer.Start: Listening on endpoint : 127.0.0.1:55015
TpTrace Verbose: 0 : 60008, 5, 2025/09/25, 14:09:22.763, 873141874927, vstest.console.exe, DotnetTestHostmanager.GetTestHostProcessStartInfo: Platform environment 'X64' target architecture 'X64' framework '.NETCoreApp,Version=v8.0' OS 'Windows'
TpTrace Verbose: 0 : 60008, 5, 2025/09/25, 14:09:22.763, 873141876263, vstest.console.exe, DotnetTestHostmanager: Adding  --runtimeconfig "C:\Users\gomur\source\repos\COM_Nostr\UnitTest_COM_Nostr\bin\Debug\net8.0-windows\UnitTest_COM_Nostr.runtimeconfig.json" in args
TpTrace Verbose: 0 : 60008, 5, 2025/09/25, 14:09:22.763, 873141876635, vstest.console.exe, DotnetTestHostmanager: Adding  --depsfile "C:\Users\gomur\source\repos\COM_Nostr\UnitTest_COM_Nostr\bin\Debug\net8.0-windows\UnitTest_COM_Nostr.deps.json" in args
TpTrace Verbose: 0 : 60008, 5, 2025/09/25, 14:09:22.763, 873141879838, vstest.console.exe, DotnetTestHostmanager.IsWinOnArm: Current PROCESSOR_ARCHITECTURE from environment variable 'AMD64'
TpTrace Verbose: 0 : 60008, 5, 2025/09/25, 14:09:22.763, 873141880260, vstest.console.exe, DotnetTestHostmanager.IsWinOnArm: Is Windows on ARM 'False'
TpTrace Verbose: 0 : 60008, 5, 2025/09/25, 14:09:22.763, 873141880754, vstest.console.exe, DotnetTestHostManager: testhost.exe found at path: C:\Users\gomur\source\repos\COM_Nostr\UnitTest_COM_Nostr\bin\Debug\net8.0-windows\testhost.exe
TpTrace Verbose: 0 : 60008, 5, 2025/09/25, 14:09:22.763, 873141880902, vstest.console.exe, DotnetTestHostmanager: Full path of host exe is C:\Users\gomur\source\repos\COM_Nostr\UnitTest_COM_Nostr\bin\Debug\net8.0-windows\testhost.exe
TpTrace Verbose: 0 : 60008, 5, 2025/09/25, 14:09:22.764, 873141884125, vstest.console.exe, DotnetTestHostmanager.LaunchTestHostAsync: Prefix 'VSTEST_WINAPPHOST_*' not found in env variables
TpTrace Verbose: 0 : 60008, 5, 2025/09/25, 14:09:22.765, 873141893993, vstest.console.exe, DotnetTestHostManager: Starting process 'C:\Users\gomur\source\repos\COM_Nostr\UnitTest_COM_Nostr\bin\Debug\net8.0-windows\testhost.exe' with command line ' --runtimeconfig "C:\Users\gomur\source\repos\COM_Nostr\UnitTest_COM_Nostr\bin\Debug\net8.0-windows\UnitTest_COM_Nostr.runtimeconfig.json" --depsfile "C:\Users\gomur\source\repos\COM_Nostr\UnitTest_COM_Nostr\bin\Debug\net8.0-windows\UnitTest_COM_Nostr.deps.json" --port 55015 --endpoint 127.0.0.1:055015 --role client --parentprocessid 60008 --diag "C:\Users\gomur\source\repos\COM_Nostr\TestDiag.host.25-09-25_14-09-22_75864_5.txt" --tracelevel 4 --telemetryoptedin false'
TpTrace Verbose: 0 : 60008, 5, 2025/09/25, 14:09:22.771, 873141954415, vstest.console.exe, Test Runtime launched
TpTrace Verbose: 0 : 60008, 5, 2025/09/25, 14:09:22.771, 873141955269, vstest.console.exe, MulticastDelegateUtilities.SafeInvoke: HostProviderEvents.OnHostLaunched: Invoking callback 1/1 for Microsoft.VisualStudio.TestPlatform.CrossPlatEngine.Client.ProxyOperationManager., took 0 ms.
TpTrace Verbose: 0 : 60008, 5, 2025/09/25, 14:09:22.771, 873141959639, vstest.console.exe, TestRequestSender.WaitForRequestHandlerConnection: waiting for connection with timeout: 90000.
TpTrace Verbose: 0 : 60008, 5, 2025/09/25, 14:09:22.857, 873142814597, vstest.console.exe, TestRequestSender.WaitForRequestHandlerConnection: waiting took 85 ms, with timeout 90000 ms, and result 0, which is success.
TpTrace Verbose: 0 : 60008, 10, 2025/09/25, 14:09:22.857, 873142814596, vstest.console.exe, MulticastDelegateUtilities.SafeInvoke: SocketServer: ClientConnected: Invoking callback 1/1 for Microsoft.VisualStudio.TestPlatform.CommunicationUtilities.TestRequestSender., took 0 ms.
TpTrace Verbose: 0 : 60008, 10, 2025/09/25, 14:09:22.857, 873142816304, vstest.console.exe, SocketServer.OnClientConnected: Client connected for endPoint: 127.0.0.1:55015, starting MessageLoopAsync:
TpTrace Verbose: 0 : 60008, 10, 2025/09/25, 14:09:22.858, 873142826986, vstest.console.exe, TcpClientExtensions.MessageLoopAsync: Polling on remoteEndPoint: 127.0.0.1:55016 localEndPoint: 127.0.0.1:55015 after 0 ms
TpTrace Verbose: 0 : 60008, 5, 2025/09/25, 14:09:22.864, 873142886718, vstest.console.exe, TestRequestSender.CheckVersionWithTestHost: Sending check version message: {"MessageType":"ProtocolVersion","Payload":7}
TpTrace Verbose: 0 : 60008, 10, 2025/09/25, 14:09:22.911, 873143355012, vstest.console.exe, TcpClientExtensions.MessageLoopAsync: NotifyDataAvailable remoteEndPoint: 127.0.0.1:55016 localEndPoint: 127.0.0.1:55015
TpTrace Verbose: 0 : 60008, 10, 2025/09/25, 14:09:22.913, 873143370227, vstest.console.exe, TestRequestSender.CheckVersionWithTestHost: onMessageReceived received message: (ProtocolVersion) -> {"MessageType":"ProtocolVersion","Payload":7}
TpTrace Verbose: 0 : 60008, 10, 2025/09/25, 14:09:22.914, 873143388043, vstest.console.exe, MulticastDelegateUtilities.SafeInvoke: LengthPrefixCommunicationChannel: MessageReceived: Invoking callback 1/1 for Microsoft.VisualStudio.TestPlatform.CommunicationUtilities.TestRequestSender+<>c__DisplayClass29_0., took 2 ms.
TpTrace Verbose: 0 : 60008, 10, 2025/09/25, 14:09:22.915, 873143388475, vstest.console.exe, TcpClientExtensions.MessageLoopAsync: Polling on remoteEndPoint: 127.0.0.1:55016 localEndPoint: 127.0.0.1:55015 after 56 ms
TpTrace Verbose: 0 : 60008, 5, 2025/09/25, 14:09:22.915, 873143395628, vstest.console.exe, TestPluginCache.GetExtensionPaths: Filtered extension paths: 
TpTrace Verbose: 0 : 60008, 5, 2025/09/25, 14:09:22.915, 873143396288, vstest.console.exe, TestPluginCache.GetExtensionPaths: Added default extension paths: C:\Program Files\Microsoft Visual Studio\2022\Community\Common7\IDE\Extensions\TestPlatform\Extensions\Microsoft.TestPlatform.Extensions.BlameDataCollector.dll
C:\Program Files\Microsoft Visual Studio\2022\Community\Common7\IDE\Extensions\TestPlatform\Extensions\Microsoft.TestPlatform.Extensions.EventLogCollector.dll
C:\Program Files\Microsoft Visual Studio\2022\Community\Common7\IDE\Extensions\TestPlatform\Extensions\Microsoft.TestPlatform.TestHostRuntimeProvider.dll
C:\Program Files\Microsoft Visual Studio\2022\Community\Common7\IDE\Extensions\TestPlatform\Extensions\Microsoft.VisualStudio.ArchitectureTools.PEReader.dll
C:\Program Files\Microsoft Visual Studio\2022\Community\Common7\IDE\Extensions\TestPlatform\Extensions\Microsoft.VisualStudio.TestPlatform.Extensions.CodedWebTestAdapter.dll
C:\Program Files\Microsoft Visual Studio\2022\Community\Common7\IDE\Extensions\TestPlatform\Extensions\Microsoft.VisualStudio.TestPlatform.Extensions.Html.TestLogger.dll
C:\Program Files\Microsoft Visual Studio\2022\Community\Common7\IDE\Extensions\TestPlatform\Extensions\Microsoft.VisualStudio.TestPlatform.Extensions.TmiAdapter.dll
C:\Program Files\Microsoft Visual Studio\2022\Community\Common7\IDE\Extensions\TestPlatform\Extensions\Microsoft.VisualStudio.TestPlatform.Extensions.Trx.TestLogger.dll
C:\Program Files\Microsoft Visual Studio\2022\Community\Common7\IDE\Extensions\TestPlatform\Extensions\Microsoft.VisualStudio.TestPlatform.Extensions.VSTestIntegration.dll
C:\Program Files\Microsoft Visual Studio\2022\Community\Common7\IDE\Extensions\TestPlatform\Extensions\Microsoft.VisualStudio.TestPlatform.Extensions.WebTestAdapter.dll
C:\Program Files\Microsoft Visual Studio\2022\Community\Common7\IDE\Extensions\TestPlatform\Extensions\Microsoft.VisualStudio.TestTools.CppUnitTestFramework.ComInterfaces.dll
C:\Program Files\Microsoft Visual Studio\2022\Community\Common7\IDE\Extensions\TestPlatform\Extensions\Microsoft.VisualStudio.TestTools.CppUnitTestFramework.CppUnitTestExtension.dll
C:\Program Files\Microsoft Visual Studio\2022\Community\Common7\IDE\Extensions\TestPlatform\Extensions\Microsoft.VisualStudio.TestTools.DataCollection.MediaRecorder.Model.dll
C:\Program Files\Microsoft Visual Studio\2022\Community\Common7\IDE\Extensions\TestPlatform\Extensions\Microsoft.VisualStudio.TestTools.DataCollection.VideoRecorderCollector.dll
C:\Program Files\Microsoft Visual Studio\2022\Community\Common7\IDE\Extensions\TestPlatform\Extensions\Microsoft.VisualStudio.UwpTestHostRuntimeProvider.dll
TpTrace Verbose: 0 : 60008, 5, 2025/09/25, 14:09:22.915, 873143396606, vstest.console.exe, TestPluginCache.GetExtensionPaths: Added unfilterableExtensionPaths: 
TpTrace Verbose: 0 : 60008, 10, 2025/09/25, 14:09:22.918, 873143422007, vstest.console.exe, TcpClientExtensions.MessageLoopAsync: NotifyDataAvailable remoteEndPoint: 127.0.0.1:55016 localEndPoint: 127.0.0.1:55015
TpTrace Verbose: 0 : 60008, 5, 2025/09/25, 14:09:22.918, 873143422537, vstest.console.exe, TestRequestSender.InitializeExecution: Sending initialize execution with message: {"Version":7,"MessageType":"TestExecution.Initialize","Payload":["C:\\Users\\gomur\\source\\repos\\COM_Nostr\\UnitTest_COM_Nostr\\bin\\Debug\\net8.0-windows\\Microsoft.VisualStudio.TestPlatform.MSTest.TestAdapter.dll"]}
TpTrace Verbose: 0 : 60008, 5, 2025/09/25, 14:09:22.918, 873143423427, vstest.console.exe, ParallelProxyExecutionManager.StartTestRunOnConcurrentManager: Execution starting. Started clients: 1
TpTrace Warning: 0 : 60008, 5, 2025/09/25, 14:09:22.920, 873143443177, vstest.console.exe, InferRunSettingsHelper.MakeRunsettingsCompatible: Removing the following settings: TargetPlatform from RunSettings file. To use those settings please move to latest version of Microsoft.NET.Test.Sdk
TpTrace Verbose: 0 : 60008, 10, 2025/09/25, 14:09:22.922, 873143458647, vstest.console.exe, TestRequestSender.OnExecutionMessageReceived: Received message: {"Version":7,"MessageType":"TestSession.Message","Payload":{"MessageLevel":0,"Message":"次のファイルで TestHost 診断をログ記録しています: C:\\Users\\gomur\\source\\repos\\COM_Nostr\\TestDiag.host.25-09-25_14-09-22_75864_5.txt"}}
TpTrace Verbose: 0 : 60008, 10, 2025/09/25, 14:09:22.924, 873143484070, vstest.console.exe, TestRunRequest:SendTestRunMessage: Starting.
TpTrace Verbose: 0 : 60008, 10, 2025/09/25, 14:09:22.925, 873143488885, vstest.console.exe, MulticastDelegateUtilities.SafeInvoke: TestRun.LogMessages: Invoking callback 1/1 for Microsoft.VisualStudio.TestPlatform.CommandLine.TestRunResultAggregator., took 0 ms.
TpTrace Information: 0 : 60008, 10, 2025/09/25, 14:09:22.925, 873143489234, vstest.console.exe, TestRunRequest:SendTestRunMessage: Completed.
TpTrace Verbose: 0 : 60008, 10, 2025/09/25, 14:09:22.925, 873143489444, vstest.console.exe, MulticastDelegateUtilities.SafeInvoke: LengthPrefixCommunicationChannel: MessageReceived: Invoking callback 1/1 for Microsoft.VisualStudio.TestPlatform.CommunicationUtilities.TestRequestSender+<>c__DisplayClass34_0., took 3 ms.
TpTrace Verbose: 0 : 60008, 10, 2025/09/25, 14:09:22.925, 873143489571, vstest.console.exe, TcpClientExtensions.MessageLoopAsync: Polling on remoteEndPoint: 127.0.0.1:55016 localEndPoint: 127.0.0.1:55015 after 10 ms
TpTrace Verbose: 0 : 60008, 5, 2025/09/25, 14:09:22.925, 873143492007, vstest.console.exe, TestRequestSender.StartTestRun: Sending test run with message: {"Version":7,"MessageType":"TestExecution.StartWithSources","Payload":{"AdapterSourceMap":{"_none_":["C:\\Users\\gomur\\source\\repos\\COM_Nostr\\UnitTest_COM_Nostr\\bin\\Debug\\net8.0-windows\\UnitTest_COM_Nostr.dll"]},"RunSettings":"<RunSettings>\r\n  <RunConfiguration>\r\n    <ResultsDirectory>C:\\Users\\gomur\\source\\repos\\COM_Nostr\\TestResults</ResultsDirectory>\r\n    <TargetFrameworkVersion>.NETCoreApp,Version=v8.0</TargetFrameworkVersion>\r\n    <DesignMode>False</DesignMode>\r\n    <CollectSourceInformation>False</CollectSourceInformation>\r\n  </RunConfiguration>\r\n  <LoggerRunSettings>\r\n    <Loggers>\r\n      <Logger friendlyName=\"Console\" uri=\"logger://microsoft/TestPlatform/ConsoleLogger/v1\" assemblyQualifiedName=\"Microsoft.VisualStudio.TestPlatform.CommandLine.Internal.ConsoleLogger, vstest.console, Version=15.0.0.0, Culture=neutral, PublicKeyToken=b03f5f7f11d50a3a\" codeBase=\"C:\\Program Files\\Microsoft Visual Studio\\2022\\Community\\Common7\\IDE\\Extensions\\TestPlatform\\vstest.console.exe\" enabled=\"True\" />\r\n    </Loggers>\r\n  </LoggerRunSettings>\r\n</RunSettings>","TestExecutionContext":{"FrequencyOfRunStatsChangeEvent":10,"RunStatsChangeEventTimeout":"00:00:01.5000000","InIsolation":false,"KeepAlive":false,"AreTestCaseLevelEventsRequired":false,"IsDebug":false,"TestCaseFilter":null,"FilterOptions":null},"Package":null}}
TpTrace Verbose: 0 : 60008, 5, 2025/09/25, 14:09:22.925, 873143493117, vstest.console.exe, ParallelProxyExecutionManager.StartTestRunOnConcurrentManager: Execution started. Started clients: 1
TpTrace Verbose: 0 : 60008, 4, 2025/09/25, 14:09:22.925, 873143493172, vstest.console.exe, MulticastDelegateUtilities.SafeInvoke: InternalTestLoggerEvents.SendTestRunMessage: Invoking callback 1/1 for Microsoft.VisualStudio.TestPlatform.CommandLine.Internal.ConsoleLogger., took 0 ms.
TpTrace Verbose: 0 : 60008, 10, 2025/09/25, 14:09:23.936, 873153604847, vstest.console.exe, TcpClientExtensions.MessageLoopAsync: Polling on remoteEndPoint: 127.0.0.1:55016 localEndPoint: 127.0.0.1:55015 after 1011 ms
TpTrace Verbose: 0 : 60008, 10, 2025/09/25, 14:09:24.160, 873155843053, vstest.console.exe, TcpClientExtensions.MessageLoopAsync: NotifyDataAvailable remoteEndPoint: 127.0.0.1:55016 localEndPoint: 127.0.0.1:55015
TpTrace Verbose: 0 : 60008, 10, 2025/09/25, 14:09:24.160, 873155844545, vstest.console.exe, TestRequestSender.OnExecutionMessageReceived: Received message: {"Version":7,"MessageType":"TestExecution.Completed","Payload":{"TestRunCompleteArgs":{"TestRunStatistics":{"ExecutedTests":1,"Stats":{"Failed":1}},"IsCanceled":false,"IsAborted":false,"Error":null,"AttachmentSets":[],"InvokedDataCollectors":[],"ElapsedTimeInRunningTests":"00:00:01.1648752","Metrics":{},"DiscoveredExtensions":{"TestDiscoverers":["Microsoft.VisualStudio.TestPlatform.MSTest.TestAdapter.MSTestDiscoverer, Microsoft.VisualStudio.TestPlatform.MSTest.TestAdapter, Version=14.0.0.0, Culture=neutral, PublicKeyToken=b03f5f7f11d50a3a"],"TestExecutors":["executor://MSTestAdapter/v2"],"TestExecutors2":[],"TestSettingsProviders":[]}},"LastRunTests":{"NewTestResults":[{"TestCase":{"Id":"9c2fded4-c3f2-d6ac-d3c1-5312a69e2f2d","FullyQualifiedName":"UnitTest_COM_Nostr.NostrClientTests.PublishEvent_ReceivesEventViaSubscription","DisplayName":"PublishEvent_ReceivesEventViaSubscription","ExecutorUri":"executor://MSTestAdapter/v2","Source":"C:\\Users\\gomur\\source\\repos\\COM_Nostr\\UnitTest_COM_Nostr\\bin\\Debug\\net8.0-windows\\UnitTest_COM_Nostr.dll","CodeFilePath":null,"LineNumber":-1,"Properties":[{"Key":{"Id":"TestCase.Hierarchy","Label":"Hierarchy","Category":"","Description":"","Attributes":2,"ValueType":"System.String[]"},"Value":[null,"UnitTest_COM_Nostr","NostrClientTests","PublishEvent_ReceivesEventViaSubscription"]},{"Key":{"Id":"MSTestDiscoverer.TestClassName","Label":"ClassName","Category":"","Description":"","Attributes":1,"ValueType":"System.String"},"Value":"UnitTest_COM_Nostr.NostrClientTests"},{"Key":{"Id":"MSTest.TestIdGenerationStrategy","Label":"TestIdGenerationStrategy","Category":"","Description":"","Attributes":1,"ValueType":"System.Int32"},"Value":2},{"Key":{"Id":"TestObject.Traits","Label":"特徴","Category":"","Description":"","Attributes":5,"ValueType":"System.Collections.Generic.KeyValuePair`2[[System.String],[System.String]][]"},"Value":[]},{"Key":{"Id":"TestCase.ManagedMethod","Label":"ManagedMethod","Category":"","Description":"","Attributes":1,"ValueType":"System.String"},"Value":"PublishEvent_ReceivesEventViaSubscription"},{"Key":{"Id":"TestCase.ManagedType","Label":"ManagedType","Category":"","Description":"","Attributes":1,"ValueType":"System.String"},"Value":"UnitTest_COM_Nostr.NostrClientTests"}]},"Attachments":[],"Outcome":2,"ErrorMessage":"テスト メソッド UnitTest_COM_Nostr.NostrClientTests.PublishEvent_ReceivesEventViaSubscription が例外をスローしました: \r\nSystem.InvalidCastException: Specified cast is not valid.","ErrorStackTrace":"    at COMNostrNativeLib.INostrClient.ConnectRelay(Object descriptor, INostrAuthCallback authCallback)\r\n   at UnitTest_COM_Nostr.NostrClientTests.PublishEvent_ReceivesEventViaSubscription() in C:\\Users\\gomur\\source\\repos\\COM_Nostr\\UnitTest_COM_Nostr\\NostrClientTests.cs:line 72\r\n","DisplayName":"PublishEvent_ReceivesEventViaSubscription","Messages":[],"ComputerName":"OMEN-40L-KOMURA","Duration":"00:00:01.1075272","StartTime":"2025-09-25T14:09:23.0137203+09:00","EndTime":"2025-09-25T14:09:24.1341008+09:00","Properties":[{"Key":{"Id":"InnerResultsCount","Label":"InnerResultsCount","Category":"","Description":"","Attributes":1,"ValueType":"System.Int32"},"Value":0},{"Key":{"Id":"ExecutionId","Label":"ExecutionId","Category":"","Description":"","Attributes":1,"ValueType":"System.Guid"},"Value":"00000000-0000-0000-0000-000000000000"},{"Key":{"Id":"ParentExecId","Label":"ParentExecId","Category":"","Description":"","Attributes":1,"ValueType":"System.Guid"},"Value":"00000000-0000-0000-0000-000000000000"}]}],"TestRunStatistics":{"ExecutedTests":1,"Stats":{"Failed":1}},"ActiveTests":[]},"RunAttachments":[],"ExecutorUris":["executor://mstestadapter/v2"]}}
TpTrace Verbose: 0 : 60008, 10, 2025/09/25, 14:09:24.161, 873155852815, vstest.console.exe, TestRequestSender.EndSession: Sending end session.
TpTrace Verbose: 0 : 60008, 10, 2025/09/25, 14:09:24.161, 873155854719, vstest.console.exe, ProxyOperationManager.Close: waiting for test host to exit for 100 ms
TpTrace Verbose: 0 : 60008, 9, 2025/09/25, 14:09:24.179, 873156031548, vstest.console.exe, TestHostManagerCallbacks.StandardOutputReceivedCallback Test host standard output line: 
TpTrace Warning: 0 : 60008, 6, 2025/09/25, 14:09:24.179, 873156031547, vstest.console.exe, TestHostManagerCallbacks.ErrorReceivedCallback Test host standard error line: 
TpTrace Verbose: 0 : 60008, 7, 2025/09/25, 14:09:24.187, 873156116074, vstest.console.exe, TestHostProvider.ExitCallBack: Host exited starting callback.
TpTrace Information: 0 : 60008, 7, 2025/09/25, 14:09:24.188, 873156118140, vstest.console.exe, TestHostManagerCallbacks.ExitCallBack: Testhost processId: 36096 exited with exitcode: 0 error: ''
TpTrace Verbose: 0 : 60008, 7, 2025/09/25, 14:09:24.188, 873156119608, vstest.console.exe, DotnetTestHostManager.OnHostExited: invoking OnHostExited callback
TpTrace Verbose: 0 : 60008, 7, 2025/09/25, 14:09:24.188, 873156121211, vstest.console.exe, CrossPlatEngine.TestHostManagerHostExited: calling on client process exit callback.
TpTrace Information: 0 : 60008, 7, 2025/09/25, 14:09:24.188, 873156122475, vstest.console.exe, TestRequestSender.OnClientProcessExit: Test host process exited. Standard error: 
TpTrace Information: 0 : 60008, 10, 2025/09/25, 14:09:24.188, 873156124794, vstest.console.exe, SocketServer.Stop: Stop server endPoint: 127.0.0.1:55015
TpTrace Information: 0 : 60008, 10, 2025/09/25, 14:09:24.188, 873156125264, vstest.console.exe, SocketServer.Stop: Cancellation requested. Stopping message loop.
TpTrace Information: 0 : 60008, 10, 2025/09/25, 14:09:24.188, 873156125451, vstest.console.exe, Closing the connection
TpTrace Information: 0 : 60008, 7, 2025/09/25, 14:09:24.188, 873156125680, vstest.console.exe, SocketServer.Stop: Stop server endPoint: 127.0.0.1:55015
TpTrace Information: 0 : 60008, 7, 2025/09/25, 14:09:24.188, 873156126154, vstest.console.exe, SocketServer.Stop: Cancellation requested. Stopping message loop.
TpTrace Verbose: 0 : 60008, 7, 2025/09/25, 14:09:24.188, 873156126811, vstest.console.exe, MulticastDelegateUtilities.SafeInvoke: HostProviderEvents.OnHostExited: Invoking callback 1/1 for Microsoft.VisualStudio.TestPlatform.CrossPlatEngine.Client.ProxyOperationManager., took 0 ms.
TpTrace Verbose: 0 : 60008, 10, 2025/09/25, 14:09:24.221, 873156452748, vstest.console.exe, ParallelRunEventsHandler.HandleTestRunComplete: Handling a run completion, this can be either one part of parallel run completing, or the whole parallel run completing.
TpTrace Verbose: 0 : 60008, 10, 2025/09/25, 14:09:24.228, 873156521397, vstest.console.exe, TestRunRequest:SendTestRunStatsChange: Starting.
TpTrace Verbose: 0 : 60008, 10, 2025/09/25, 14:09:24.228, 873156528865, vstest.console.exe, MulticastDelegateUtilities.SafeInvoke: TestRun.RunStatsChanged: Invoking callbacks was skipped because there are no subscribers.
TpTrace Information: 0 : 60008, 10, 2025/09/25, 14:09:24.228, 873156529393, vstest.console.exe, TestRunRequest:SendTestRunStatsChange: Completed.
TpTrace Verbose: 0 : 60008, 10, 2025/09/25, 14:09:24.232, 873156558846, vstest.console.exe, ParallelProxyExecutionManager: HandlePartialRunComplete: Total workloads = 1, Total started clients = 1 Total completed clients = 1, Run complete = True, Run canceled: False.
TpTrace Verbose: 0 : 60008, 10, 2025/09/25, 14:09:24.232, 873156559536, vstest.console.exe, ParallelProxyExecutionManager: HandlePartialRunComplete: All runs completed stopping all managers.
TpTrace Verbose: 0 : 60008, 10, 2025/09/25, 14:09:24.232, 873156560277, vstest.console.exe, ParallelOperationManager.StopAllManagers: Stopping all managers.
TpTrace Verbose: 0 : 60008, 10, 2025/09/25, 14:09:24.232, 873156560481, vstest.console.exe, ParallelOperationManager.ClearSlots: Clearing all slots. Slots should accept more work: False
TpTrace Verbose: 0 : 60008, 10, 2025/09/25, 14:09:24.232, 873156560641, vstest.console.exe, ParallelOperationManager.SetOccupiedSlotCount: Setting slot counts AvailableSlotCount = 1, OccupiedSlotCount = 0.
TpTrace Verbose: 0 : 60008, 10, 2025/09/25, 14:09:24.232, 873156560779, vstest.console.exe, Occupied slots:

TpTrace Verbose: 0 : 60008, 10, 2025/09/25, 14:09:24.232, 873156560899, vstest.console.exe, ParallelRunEventsHandler.HandleTestRunComplete: Whole parallel run completed.
TpTrace Verbose: 0 : 60008, 4, 2025/09/25, 14:09:24.234, 873156584952, vstest.console.exe, MulticastDelegateUtilities.SafeInvoke: InternalTestLoggerEvents.SendTestResult: Invoking callback 1/1 for Microsoft.VisualStudio.TestPlatform.CommandLine.Internal.ConsoleLogger., took 5 ms.
TpTrace Verbose: 0 : 60008, 4, 2025/09/25, 14:09:24.244, 873156693282, vstest.console.exe, MulticastDelegateUtilities.SafeInvoke: InternalTestLoggerEvents.SendTestRunComplete: Invoking callback 1/1 for Microsoft.VisualStudio.TestPlatform.CommandLine.Internal.ConsoleLogger., took 8 ms.
TpTrace Verbose: 0 : 60008, 10, 2025/09/25, 14:09:24.247, 873156717569, vstest.console.exe, TestRunRequest:TestRunComplete: Starting. IsAborted:False IsCanceled:False.
TpTrace Verbose: 0 : 60008, 10, 2025/09/25, 14:09:24.248, 873156732759, vstest.console.exe, ParallelOperationManager.DoActionOnAllManagers: Calling an action on all managers.
TpTrace Verbose: 0 : 60008, 10, 2025/09/25, 14:09:24.250, 873156753970, vstest.console.exe, TestLoggerManager.HandleTestRunComplete: Ignoring as the object is disposed.
TpTrace Verbose: 0 : 60008, 10, 2025/09/25, 14:09:24.251, 873156757935, vstest.console.exe, MulticastDelegateUtilities.SafeInvoke: TestRun.TestRunComplete: Invoking callback 1/2 for Microsoft.VisualStudio.TestPlatform.CommandLine.TestRunResultAggregator., took 0 ms.
TpTrace Verbose: 0 : 60008, 10, 2025/09/25, 14:09:24.251, 873156763342, vstest.console.exe, MulticastDelegateUtilities.SafeInvoke: TestRun.TestRunComplete: Invoking callback 2/2 for Microsoft.VisualStudio.TestPlatform.CommandLine.Processors.RunTestsArgumentExecutor+TestRunRequestEventsRegistrar., took 0 ms.
TpTrace Information: 0 : 60008, 10, 2025/09/25, 14:09:24.251, 873156763894, vstest.console.exe, TestRunRequest:TestRunComplete: Completed.
TpTrace Verbose: 0 : 60008, 10, 2025/09/25, 14:09:24.252, 873156765100, vstest.console.exe, TestRequestSender.SetOperationComplete: Setting operation complete.
TpTrace Information: 0 : 60008, 10, 2025/09/25, 14:09:24.252, 873156765370, vstest.console.exe, SocketServer.Stop: Stop server endPoint: 127.0.0.1:55015
TpTrace Information: 0 : 60008, 10, 2025/09/25, 14:09:24.252, 873156765516, vstest.console.exe, SocketServer.Stop: Cancellation requested. Stopping message loop.
TpTrace Verbose: 0 : 60008, 10, 2025/09/25, 14:09:24.252, 873156765735, vstest.console.exe, MulticastDelegateUtilities.SafeInvoke: LengthPrefixCommunicationChannel: MessageReceived: Invoking callback 1/1 for Microsoft.VisualStudio.TestPlatform.CommunicationUtilities.TestRequestSender+<>c__DisplayClass34_0., took 92 ms.
TpTrace Information: 0 : 60008, 10, 2025/09/25, 14:09:24.252, 873156769331, vstest.console.exe, SocketServer.PrivateStop: Stopping server endPoint: 127.0.0.1:55015 error: 
TpTrace Verbose: 0 : 60008, 1, 2025/09/25, 14:09:24.252, 873156770781, vstest.console.exe, TestRunRequest.Dispose: Starting.
TpTrace Information: 0 : 60008, 1, 2025/09/25, 14:09:24.252, 873156771290, vstest.console.exe, TestRunRequest.Dispose: Completed.
TpTrace Information: 0 : 60008, 1, 2025/09/25, 14:09:24.252, 873156771421, vstest.console.exe, TestRequestManager.RunTests: run tests completed.
TpTrace Information: 0 : 60008, 1, 2025/09/25, 14:09:24.252, 873156772812, vstest.console.exe, RunTestsArgumentProcessor:Execute: Test run is completed.
TpTrace Verbose: 0 : 60008, 10, 2025/09/25, 14:09:24.252, 873156772954, vstest.console.exe, LengthPrefixCommunicationChannel.Dispose: Dispose reader and writer.
TpTrace Information: 0 : 60008, 10, 2025/09/25, 14:09:24.252, 873156773451, vstest.console.exe, SocketServer.Stop: Raise disconnected event endPoint: 127.0.0.1:55015 error: 
TpTrace Verbose: 0 : 60008, 1, 2025/09/25, 14:09:24.252, 873156773647, vstest.console.exe, Executor.Execute: Exiting with exit code of 1
