TpTrace Verbose: 0 : 36096, 1, 2025/09/25, 14:09:22.841, 873142654549, testhost.dll, Version: 17.11.1 Current process architecture: X64
TpTrace Verbose: 0 : 36096, 1, 2025/09/25, 14:09:22.844, 873142676454, testhost.dll, Runtime location: C:\Program Files\dotnet\shared\Microsoft.NETCore.App\8.0.20
TpTrace Information: 0 : 36096, 1, 2025/09/25, 14:09:22.845, 873142690373, testhost.dll, DefaultEngineInvoker.Invoke: Testhost process started with args :[--port, 55015],[--endpoint, 127.0.0.1:055015],[--role, client],[--parentprocessid, 60008],[--diag, C:\Users\gomur\source\repos\COM_Nostr\TestDiag.host.25-09-25_14-09-22_75864_5.txt],[--tracelevel, 4],[--telemetryoptedin, false]
TpTrace Information: 0 : 36096, 1, 2025/09/25, 14:09:22.845, 873142693650, testhost.dll, Setting up debug trace listener.
TpTrace Verbose: 0 : 36096, 1, 2025/09/25, 14:09:22.845, 873142694410, testhost.dll, TestPlatformTraceListener.Setup: Replacing listener System.Diagnostics.DefaultTraceListener with TestHostTraceListener.
TpTrace Verbose: 0 : 36096, 1, 2025/09/25, 14:09:22.845, 873142694774, testhost.dll, TestPlatformTraceListener.Setup: Added test platform trace listener.
TpTrace Information: 0 : 36096, 1, 2025/09/25, 14:09:22.846, 873142695915, testhost.dll, DefaultEngineInvoker.SetParentProcessExitCallback: Monitoring parent process with id: '60008'
TpTrace Information: 0 : 36096, 1, 2025/09/25, 14:09:22.847, 873142709964, testhost.dll, DefaultEngineInvoker.GetConnectionInfo: Initialize communication on endpoint address: '127.0.0.1:055015'
TpTrace Information: 0 : 36096, 1, 2025/09/25, 14:09:22.854, 873142775789, testhost.dll, SocketClient.Start: connecting to server endpoint: 127.0.0.1:055015
TpTrace Information: 0 : 36096, 10, 2025/09/25, 14:09:22.858, 873142815651, testhost.dll, SocketClient.OnServerConnected: connected to server endpoint: 127.0.0.1:055015
TpTrace Information: 0 : 36096, 1, 2025/09/25, 14:09:22.858, 873142823902, testhost.dll, DefaultEngineInvoker.Invoke: Start Request Processing.
TpTrace Verbose: 0 : 36096, 10, 2025/09/25, 14:09:22.858, 873142825319, testhost.dll, MulticastDelegateUtilities.SafeInvoke: SocketClient: ServerConnected: Invoking callback 1/1 for Microsoft.VisualStudio.TestPlatform.CommunicationUtilities.TestRequestHandler., took 0 ms.
TpTrace Verbose: 0 : 36096, 10, 2025/09/25, 14:09:22.859, 873142825712, testhost.dll, Connected to server, and starting MessageLoopAsync
TpTrace Information: 0 : 36096, 12, 2025/09/25, 14:09:22.859, 873142826894, testhost.dll, DefaultEngineInvoker.StartProcessingAsync: Connected to vstest.console, Starting process requests.
TpTrace Verbose: 0 : 36096, 8, 2025/09/25, 14:09:22.861, 873142852828, testhost.dll, TcpClientExtensions.MessageLoopAsync: Polling on remoteEndPoint: [::ffff:127.0.0.1]:55015 localEndPoint: [::ffff:127.0.0.1]:55016 after 0 ms
TpTrace Verbose: 0 : 36096, 8, 2025/09/25, 14:09:22.865, 873142891998, testhost.dll, TcpClientExtensions.MessageLoopAsync: NotifyDataAvailable remoteEndPoint: [::ffff:127.0.0.1]:55015 localEndPoint: [::ffff:127.0.0.1]:55016
TpTrace Information: 0 : 36096, 8, 2025/09/25, 14:09:22.867, 873142906005, testhost.dll, TestRequestHandler.OnMessageReceived: received message: (ProtocolVersion) -> {"MessageType":"ProtocolVersion","Payload":7}
TpTrace Verbose: 0 : 36096, 8, 2025/09/25, 14:09:22.918, 873143420393, testhost.dll, TestRequestHandler.SendData: sending data from testhost: {"Version":7,"MessageType":"TestSession.Message","Payload":{"MessageLevel":0,"Message":"次のファイルで TestHost 診断をログ記録しています: C:\\Users\\gomur\\source\\repos\\COM_Nostr\\TestDiag.host.25-09-25_14-09-22_75864_5.txt"}}
TpTrace Verbose: 0 : 36096, 8, 2025/09/25, 14:09:22.918, 873143422060, testhost.dll, MulticastDelegateUtilities.SafeInvoke: LengthPrefixCommunicationChannel: MessageReceived: Invoking callback 1/1 for Microsoft.VisualStudio.TestPlatform.CommunicationUtilities.TestRequestHandler., took 52 ms.
TpTrace Verbose: 0 : 36096, 8, 2025/09/25, 14:09:22.918, 873143422292, testhost.dll, TcpClientExtensions.MessageLoopAsync: Polling on remoteEndPoint: [::ffff:127.0.0.1]:55015 localEndPoint: [::ffff:127.0.0.1]:55016 after 56 ms
TpTrace Verbose: 0 : 36096, 8, 2025/09/25, 14:09:22.918, 873143423453, testhost.dll, TcpClientExtensions.MessageLoopAsync: NotifyDataAvailable remoteEndPoint: [::ffff:127.0.0.1]:55015 localEndPoint: [::ffff:127.0.0.1]:55016
TpTrace Information: 0 : 36096, 8, 2025/09/25, 14:09:22.918, 873143425119, testhost.dll, TestRequestHandler.OnMessageReceived: received message: (TestExecution.Initialize) -> {"Version":7,"MessageType":"TestExecution.Initialize","Payload":["C:\\Users\\gomur\\source\\repos\\COM_Nostr\\UnitTest_COM_Nostr\\bin\\Debug\\net8.0-windows\\Microsoft.VisualStudio.TestPlatform.MSTest.TestAdapter.dll"]}
TpTrace Verbose: 0 : 36096, 8, 2025/09/25, 14:09:22.922, 873143460201, testhost.dll, MulticastDelegateUtilities.SafeInvoke: LengthPrefixCommunicationChannel: MessageReceived: Invoking callback 1/1 for Microsoft.VisualStudio.TestPlatform.CommunicationUtilities.TestRequestHandler., took 3 ms.
TpTrace Verbose: 0 : 36096, 8, 2025/09/25, 14:09:22.922, 873143460892, testhost.dll, TcpClientExtensions.MessageLoopAsync: Polling on remoteEndPoint: [::ffff:127.0.0.1]:55015 localEndPoint: [::ffff:127.0.0.1]:55016 after 3 ms
TpTrace Information: 0 : 36096, 4, 2025/09/25, 14:09:22.922, 873143463078, testhost.dll, TestRequestHandler.OnMessageReceived: Running job 'TestExecution.Initialize'.
TpTrace Verbose: 0 : 36096, 4, 2025/09/25, 14:09:22.923, 873143472339, testhost.dll, TestExecutorService: Loading the extensions
TpTrace Verbose: 0 : 36096, 4, 2025/09/25, 14:09:22.924, 873143478757, testhost.dll, TestPluginCache.DiscoverTestExtensions: finding test extensions in assemblies ends with: TestAdapter.dll TPluginInfo: Microsoft.VisualStudio.TestPlatform.Common.ExtensionFramework.Utilities.TestExecutorPluginInformation TExtension: Microsoft.VisualStudio.TestPlatform.ObjectModel.Adapter.ITestExecutor
TpTrace Verbose: 0 : 36096, 4, 2025/09/25, 14:09:22.925, 873143488544, testhost.dll, TestPluginCache.GetExtensionPaths: Filtered extension paths: 
TpTrace Verbose: 0 : 36096, 4, 2025/09/25, 14:09:22.925, 873143490266, testhost.dll, TestPluginCache.GetExtensionPaths: Added default extension paths: C:\Users\gomur\source\repos\COM_Nostr\UnitTest_COM_Nostr\bin\Debug\net8.0-windows\Microsoft.VisualStudio.TestPlatform.MSTest.TestAdapter.dll
TpTrace Verbose: 0 : 36096, 4, 2025/09/25, 14:09:22.925, 873143490457, testhost.dll, TestPluginCache.GetExtensionPaths: Added unfilterableExtensionPaths: 
TpTrace Verbose: 0 : 36096, 8, 2025/09/25, 14:09:22.925, 873143493539, testhost.dll, TcpClientExtensions.MessageLoopAsync: NotifyDataAvailable remoteEndPoint: [::ffff:127.0.0.1]:55015 localEndPoint: [::ffff:127.0.0.1]:55016
TpTrace Information: 0 : 36096, 8, 2025/09/25, 14:09:22.925, 873143494825, testhost.dll, TestRequestHandler.OnMessageReceived: received message: (TestExecution.StartWithSources) -> {"Version":7,"MessageType":"TestExecution.StartWithSources","Payload":{"AdapterSourceMap":{"_none_":["C:\\Users\\gomur\\source\\repos\\COM_Nostr\\UnitTest_COM_Nostr\\bin\\Debug\\net8.0-windows\\UnitTest_COM_Nostr.dll"]},"RunSettings":"<RunSettings>\r\n  <RunConfiguration>\r\n    <ResultsDirectory>C:\\Users\\gomur\\source\\repos\\COM_Nostr\\TestResults</ResultsDirectory>\r\n    <TargetFrameworkVersion>.NETCoreApp,Version=v8.0</TargetFrameworkVersion>\r\n    <DesignMode>False</DesignMode>\r\n    <CollectSourceInformation>False</CollectSourceInformation>\r\n  </RunConfiguration>\r\n  <LoggerRunSettings>\r\n    <Loggers>\r\n      <Logger friendlyName=\"Console\" uri=\"logger://microsoft/TestPlatform/ConsoleLogger/v1\" assemblyQualifiedName=\"Microsoft.VisualStudio.TestPlatform.CommandLine.Internal.ConsoleLogger, vstest.console, Version=15.0.0.0, Culture=neutral, PublicKeyToken=b03f5f7f11d50a3a\" codeBase=\"C:\\Program Files\\Microsoft Visual Studio\\2022\\Community\\Common7\\IDE\\Extensions\\TestPlatform\\vstest.console.exe\" enabled=\"True\" />\r\n    </Loggers>\r\n  </LoggerRunSettings>\r\n</RunSettings>","TestExecutionContext":{"FrequencyOfRunStatsChangeEvent":10,"RunStatsChangeEventTimeout":"00:00:01.5000000","InIsolation":false,"KeepAlive":false,"AreTestCaseLevelEventsRequired":false,"IsDebug":false,"TestCaseFilter":null,"FilterOptions":null},"Package":null}}
TpTrace Information: 0 : 36096, 4, 2025/09/25, 14:09:22.926, 873143496306, testhost.dll, AssemblyResolver.ctor: Creating AssemblyResolver with searchDirectories C:\Users\gomur\source\repos\COM_Nostr\UnitTest_COM_Nostr\bin\Debug\net8.0-windows
TpTrace Verbose: 0 : 36096, 4, 2025/09/25, 14:09:22.926, 873143501213, testhost.dll, TestPluginCache.DiscoverTestExtensions: Discovering the extensions using extension path.
TpTrace Verbose: 0 : 36096, 4, 2025/09/25, 14:09:22.926, 873143501843, testhost.dll, TestPluginCache.GetExtensionPaths: Filtered extension paths: 
TpTrace Verbose: 0 : 36096, 4, 2025/09/25, 14:09:22.926, 873143501991, testhost.dll, TestPluginCache.GetExtensionPaths: Added default extension paths: C:\Users\gomur\source\repos\COM_Nostr\UnitTest_COM_Nostr\bin\Debug\net8.0-windows\Microsoft.VisualStudio.TestPlatform.MSTest.TestAdapter.dll
TpTrace Verbose: 0 : 36096, 4, 2025/09/25, 14:09:22.926, 873143502099, testhost.dll, TestPluginCache.GetExtensionPaths: Added unfilterableExtensionPaths: 
TpTrace Verbose: 0 : 36096, 4, 2025/09/25, 14:09:22.926, 873143502331, testhost.dll, TestPluginCache.DiscoverTestExtensions: Discovering the extensions using allExtensionPaths: C:\Users\gomur\source\repos\COM_Nostr\UnitTest_COM_Nostr\bin\Debug\net8.0-windows\Microsoft.VisualStudio.TestPlatform.MSTest.TestAdapter.dll
TpTrace Information: 0 : 36096, 4, 2025/09/25, 14:09:22.926, 873143505163, testhost.dll, AssemblyResolver.AddSearchDirectories: Adding more searchDirectories C:\Users\gomur\source\repos\COM_Nostr\UnitTest_COM_Nostr\bin\Debug\net8.0-windows
TpTrace Verbose: 0 : 36096, 4, 2025/09/25, 14:09:22.930, 873143539150, testhost.dll, MetadataReaderExtensionsHelper: Discovering extensions inside assembly 'Microsoft.VisualStudio.TestPlatform.MSTest.TestAdapter, Version=14.0.0.0, Culture=neutral, PublicKeyToken=b03f5f7f11d50a3a' file path 'C:\Users\gomur\source\repos\COM_Nostr\UnitTest_COM_Nostr\bin\Debug\net8.0-windows\Microsoft.VisualStudio.TestPlatform.MSTest.TestAdapter.dll'
TpTrace Information: 0 : 36096, 4, 2025/09/25, 14:09:22.934, 873143577907, testhost.dll, GetTestExtensionFromType: Register extension with identifier data 'executor://MSTestAdapter/v2' and type 'Microsoft.VisualStudio.TestPlatform.MSTest.TestAdapter.MSTestExecutor, Microsoft.VisualStudio.TestPlatform.MSTest.TestAdapter, Version=14.0.0.0, Culture=neutral, PublicKeyToken=b03f5f7f11d50a3a' inside file 'C:\Users\gomur\source\repos\COM_Nostr\UnitTest_COM_Nostr\bin\Debug\net8.0-windows\Microsoft.VisualStudio.TestPlatform.MSTest.TestAdapter.dll'
TpTrace Verbose: 0 : 36096, 8, 2025/09/25, 14:09:22.935, 873143587611, testhost.dll, MulticastDelegateUtilities.SafeInvoke: LengthPrefixCommunicationChannel: MessageReceived: Invoking callback 1/1 for Microsoft.VisualStudio.TestPlatform.CommunicationUtilities.TestRequestHandler., took 9 ms.
TpTrace Verbose: 0 : 36096, 8, 2025/09/25, 14:09:22.935, 873143588052, testhost.dll, TcpClientExtensions.MessageLoopAsync: Polling on remoteEndPoint: [::ffff:127.0.0.1]:55015 localEndPoint: [::ffff:127.0.0.1]:55016 after 12 ms
TpTrace Verbose: 0 : 36096, 4, 2025/09/25, 14:09:22.935, 873143590617, testhost.dll, TestPluginCache: Discovered the extensions using extension path ''.
TpTrace Verbose: 0 : 36096, 4, 2025/09/25, 14:09:22.935, 873143592787, testhost.dll, TestPluginCache: Discoverers are ''.
TpTrace Verbose: 0 : 36096, 4, 2025/09/25, 14:09:22.935, 873143593104, testhost.dll, TestPluginCache: Executors are 'executor://MSTestAdapter/v2'.
TpTrace Verbose: 0 : 36096, 4, 2025/09/25, 14:09:22.935, 873143593303, testhost.dll, TestPluginCache: Executors2 are ''.
TpTrace Verbose: 0 : 36096, 4, 2025/09/25, 14:09:22.935, 873143593470, testhost.dll, TestPluginCache: Setting providers are ''.
TpTrace Verbose: 0 : 36096, 4, 2025/09/25, 14:09:22.935, 873143593621, testhost.dll, TestPluginCache: Loggers are ''.
TpTrace Verbose: 0 : 36096, 4, 2025/09/25, 14:09:22.935, 873143593757, testhost.dll, TestPluginCache: TestHosts are ''.
TpTrace Verbose: 0 : 36096, 4, 2025/09/25, 14:09:22.935, 873143593927, testhost.dll, TestPluginCache: DataCollectors are ''.
TpTrace Verbose: 0 : 36096, 4, 2025/09/25, 14:09:22.936, 873143602797, testhost.dll, TestPluginCache.DiscoverTestExtensions: finding test extensions in assemblies ends with: TestAdapter.dll TPluginInfo: Microsoft.VisualStudio.TestPlatform.Common.ExtensionFramework.Utilities.TestExecutorPluginInformation2 TExtension: Microsoft.VisualStudio.TestPlatform.ObjectModel.Adapter.ITestExecutor2
TpTrace Verbose: 0 : 36096, 4, 2025/09/25, 14:09:22.936, 873143603858, testhost.dll, TestPluginCache.GetExtensionPaths: Filtered extension paths: 
TpTrace Verbose: 0 : 36096, 4, 2025/09/25, 14:09:22.936, 873143604033, testhost.dll, TestPluginCache.GetExtensionPaths: Added default extension paths: C:\Users\gomur\source\repos\COM_Nostr\UnitTest_COM_Nostr\bin\Debug\net8.0-windows\Microsoft.VisualStudio.TestPlatform.MSTest.TestAdapter.dll
TpTrace Verbose: 0 : 36096, 4, 2025/09/25, 14:09:22.936, 873143604143, testhost.dll, TestPluginCache.GetExtensionPaths: Added unfilterableExtensionPaths: 
TpTrace Information: 0 : 36096, 4, 2025/09/25, 14:09:22.936, 873143605202, testhost.dll, AssemblyResolver.AddSearchDirectories: Adding more searchDirectories C:\Users\gomur\source\repos\COM_Nostr\UnitTest_COM_Nostr\bin\Debug\net8.0-windows
TpTrace Verbose: 0 : 36096, 4, 2025/09/25, 14:09:22.937, 873143605382, testhost.dll, TestPluginCache.DiscoverTestExtensions: Discovering the extensions using extension path.
TpTrace Verbose: 0 : 36096, 4, 2025/09/25, 14:09:22.937, 873143605494, testhost.dll, TestPluginCache.GetExtensionPaths: Filtered extension paths: 
TpTrace Verbose: 0 : 36096, 4, 2025/09/25, 14:09:22.937, 873143605590, testhost.dll, TestPluginCache.GetExtensionPaths: Added default extension paths: C:\Users\gomur\source\repos\COM_Nostr\UnitTest_COM_Nostr\bin\Debug\net8.0-windows\Microsoft.VisualStudio.TestPlatform.MSTest.TestAdapter.dll
TpTrace Verbose: 0 : 36096, 4, 2025/09/25, 14:09:22.937, 873143605720, testhost.dll, TestPluginCache.GetExtensionPaths: Added unfilterableExtensionPaths: 
TpTrace Verbose: 0 : 36096, 4, 2025/09/25, 14:09:22.937, 873143605826, testhost.dll, TestPluginCache.DiscoverTestExtensions: Discovering the extensions using allExtensionPaths: C:\Users\gomur\source\repos\COM_Nostr\UnitTest_COM_Nostr\bin\Debug\net8.0-windows\Microsoft.VisualStudio.TestPlatform.MSTest.TestAdapter.dll
TpTrace Information: 0 : 36096, 4, 2025/09/25, 14:09:22.937, 873143605980, testhost.dll, AssemblyResolver.AddSearchDirectories: Adding more searchDirectories C:\Users\gomur\source\repos\COM_Nostr\UnitTest_COM_Nostr\bin\Debug\net8.0-windows
TpTrace Verbose: 0 : 36096, 4, 2025/09/25, 14:09:22.937, 873143606255, testhost.dll, MetadataReaderExtensionsHelper: Discovering extensions inside assembly 'Microsoft.VisualStudio.TestPlatform.MSTest.TestAdapter, Version=14.0.0.0, Culture=neutral, PublicKeyToken=b03f5f7f11d50a3a' file path 'C:\Users\gomur\source\repos\COM_Nostr\UnitTest_COM_Nostr\bin\Debug\net8.0-windows\Microsoft.VisualStudio.TestPlatform.MSTest.TestAdapter.dll'
TpTrace Verbose: 0 : 36096, 4, 2025/09/25, 14:09:22.937, 873143609619, testhost.dll, TestPluginCache: Discovered the extensions using extension path ''.
TpTrace Verbose: 0 : 36096, 4, 2025/09/25, 14:09:22.937, 873143609889, testhost.dll, TestPluginCache: Discoverers are ''.
TpTrace Verbose: 0 : 36096, 4, 2025/09/25, 14:09:22.937, 873143610054, testhost.dll, TestPluginCache: Executors are 'executor://MSTestAdapter/v2'.
TpTrace Verbose: 0 : 36096, 4, 2025/09/25, 14:09:22.937, 873143610305, testhost.dll, TestPluginCache: Executors2 are ''.
TpTrace Verbose: 0 : 36096, 4, 2025/09/25, 14:09:22.937, 873143610440, testhost.dll, TestPluginCache: Setting providers are ''.
TpTrace Verbose: 0 : 36096, 4, 2025/09/25, 14:09:22.937, 873143610532, testhost.dll, TestPluginCache: Loggers are ''.
TpTrace Verbose: 0 : 36096, 4, 2025/09/25, 14:09:22.937, 873143610622, testhost.dll, TestPluginCache: TestHosts are ''.
TpTrace Verbose: 0 : 36096, 4, 2025/09/25, 14:09:22.937, 873143611092, testhost.dll, TestPluginCache: DataCollectors are ''.
TpTrace Information: 0 : 36096, 4, 2025/09/25, 14:09:22.940, 873143638474, testhost.dll, TestPluginManager.CreateTestExtension: Attempting to load test extension: Microsoft.VisualStudio.TestPlatform.MSTest.TestAdapter.MSTestExecutor
TpTrace Verbose: 0 : 36096, 4, 2025/09/25, 14:09:22.942, 873143657485, testhost.dll, TestExecutorExtensionManager: Loading executor Microsoft.VisualStudio.TestPlatform.Common.ExtensionDecorators.SerialTestRunDecorator
TpTrace Verbose: 0 : 36096, 4, 2025/09/25, 14:09:22.942, 873143657889, testhost.dll, TestExecutorService: Loaded the executors
TpTrace Verbose: 0 : 36096, 4, 2025/09/25, 14:09:22.942, 873143660295, testhost.dll, TestPluginCache.DiscoverTestExtensions: finding test extensions in assemblies ends with: TestAdapter.dll TPluginInfo: Microsoft.VisualStudio.TestPlatform.Common.ExtensionFramework.Utilities.TestSettingsProviderPluginInformation TExtension: Microsoft.VisualStudio.TestPlatform.ObjectModel.Adapter.ISettingsProvider
TpTrace Verbose: 0 : 36096, 4, 2025/09/25, 14:09:22.942, 873143660713, testhost.dll, TestPluginCache.GetExtensionPaths: Filtered extension paths: 
TpTrace Verbose: 0 : 36096, 4, 2025/09/25, 14:09:22.942, 873143660845, testhost.dll, TestPluginCache.GetExtensionPaths: Added default extension paths: C:\Users\gomur\source\repos\COM_Nostr\UnitTest_COM_Nostr\bin\Debug\net8.0-windows\Microsoft.VisualStudio.TestPlatform.MSTest.TestAdapter.dll
TpTrace Verbose: 0 : 36096, 4, 2025/09/25, 14:09:22.942, 873143661014, testhost.dll, TestPluginCache.GetExtensionPaths: Added unfilterableExtensionPaths: 
TpTrace Information: 0 : 36096, 4, 2025/09/25, 14:09:22.942, 873143661716, testhost.dll, AssemblyResolver.AddSearchDirectories: Adding more searchDirectories C:\Users\gomur\source\repos\COM_Nostr\UnitTest_COM_Nostr\bin\Debug\net8.0-windows
TpTrace Verbose: 0 : 36096, 4, 2025/09/25, 14:09:22.942, 873143661905, testhost.dll, TestPluginCache.DiscoverTestExtensions: Discovering the extensions using extension path.
TpTrace Verbose: 0 : 36096, 4, 2025/09/25, 14:09:22.942, 873143662014, testhost.dll, TestPluginCache.GetExtensionPaths: Filtered extension paths: 
TpTrace Verbose: 0 : 36096, 4, 2025/09/25, 14:09:22.942, 873143662136, testhost.dll, TestPluginCache.GetExtensionPaths: Added default extension paths: C:\Users\gomur\source\repos\COM_Nostr\UnitTest_COM_Nostr\bin\Debug\net8.0-windows\Microsoft.VisualStudio.TestPlatform.MSTest.TestAdapter.dll
TpTrace Verbose: 0 : 36096, 4, 2025/09/25, 14:09:22.942, 873143662231, testhost.dll, TestPluginCache.GetExtensionPaths: Added unfilterableExtensionPaths: 
TpTrace Verbose: 0 : 36096, 4, 2025/09/25, 14:09:22.942, 873143662334, testhost.dll, TestPluginCache.DiscoverTestExtensions: Discovering the extensions using allExtensionPaths: C:\Users\gomur\source\repos\COM_Nostr\UnitTest_COM_Nostr\bin\Debug\net8.0-windows\Microsoft.VisualStudio.TestPlatform.MSTest.TestAdapter.dll
TpTrace Information: 0 : 36096, 4, 2025/09/25, 14:09:22.942, 873143662484, testhost.dll, AssemblyResolver.AddSearchDirectories: Adding more searchDirectories C:\Users\gomur\source\repos\COM_Nostr\UnitTest_COM_Nostr\bin\Debug\net8.0-windows
TpTrace Verbose: 0 : 36096, 4, 2025/09/25, 14:09:22.942, 873143662779, testhost.dll, MetadataReaderExtensionsHelper: Discovering extensions inside assembly 'Microsoft.VisualStudio.TestPlatform.MSTest.TestAdapter, Version=14.0.0.0, Culture=neutral, PublicKeyToken=b03f5f7f11d50a3a' file path 'C:\Users\gomur\source\repos\COM_Nostr\UnitTest_COM_Nostr\bin\Debug\net8.0-windows\Microsoft.VisualStudio.TestPlatform.MSTest.TestAdapter.dll'
TpTrace Verbose: 0 : 36096, 4, 2025/09/25, 14:09:22.942, 873143665126, testhost.dll, TestPluginCache: Discovered the extensions using extension path ''.
TpTrace Verbose: 0 : 36096, 4, 2025/09/25, 14:09:22.942, 873143665345, testhost.dll, TestPluginCache: Discoverers are ''.
TpTrace Verbose: 0 : 36096, 4, 2025/09/25, 14:09:22.943, 873143665506, testhost.dll, TestPluginCache: Executors are 'executor://MSTestAdapter/v2'.
TpTrace Verbose: 0 : 36096, 4, 2025/09/25, 14:09:22.943, 873143665637, testhost.dll, TestPluginCache: Executors2 are ''.
TpTrace Verbose: 0 : 36096, 4, 2025/09/25, 14:09:22.943, 873143665795, testhost.dll, TestPluginCache: Setting providers are ''.
TpTrace Verbose: 0 : 36096, 4, 2025/09/25, 14:09:22.943, 873143665899, testhost.dll, TestPluginCache: Loggers are ''.
TpTrace Verbose: 0 : 36096, 4, 2025/09/25, 14:09:22.943, 873143665987, testhost.dll, TestPluginCache: TestHosts are ''.
TpTrace Verbose: 0 : 36096, 4, 2025/09/25, 14:09:22.943, 873143666073, testhost.dll, TestPluginCache: DataCollectors are ''.
TpTrace Verbose: 0 : 36096, 4, 2025/09/25, 14:09:22.943, 873143668532, testhost.dll, TestExecutorService: Loaded the settings providers
TpTrace Information: 0 : 36096, 4, 2025/09/25, 14:09:22.943, 873143668745, testhost.dll, TestExecutorService: Loaded the extensions
TpTrace Information: 0 : 36096, 4, 2025/09/25, 14:09:22.943, 873143670453, testhost.dll, TestRequestHandler.OnMessageReceived: Running job 'TestExecution.StartWithSources'.
TpTrace Information: 0 : 36096, 4, 2025/09/25, 14:09:22.971, 873143950135, testhost.dll, TestDiscoveryManager: Discovering tests from sources C:\Users\gomur\source\repos\COM_Nostr\UnitTest_COM_Nostr\bin\Debug\net8.0-windows\UnitTest_COM_Nostr.dll
TpTrace Verbose: 0 : 36096, 4, 2025/09/25, 14:09:22.972, 873143958554, testhost.dll, TestPluginCache.DiscoverTestExtensions: finding test extensions in assemblies ends with: TestAdapter.dll TPluginInfo: Microsoft.VisualStudio.TestPlatform.Common.ExtensionFramework.Utilities.TestDiscovererPluginInformation TExtension: Microsoft.VisualStudio.TestPlatform.ObjectModel.Adapter.ITestDiscoverer
TpTrace Verbose: 0 : 36096, 4, 2025/09/25, 14:09:22.972, 873143959252, testhost.dll, TestPluginCache.GetExtensionPaths: Filtered extension paths: 
TpTrace Verbose: 0 : 36096, 4, 2025/09/25, 14:09:22.972, 873143959397, testhost.dll, TestPluginCache.GetExtensionPaths: Added default extension paths: C:\Users\gomur\source\repos\COM_Nostr\UnitTest_COM_Nostr\bin\Debug\net8.0-windows\Microsoft.VisualStudio.TestPlatform.MSTest.TestAdapter.dll
TpTrace Verbose: 0 : 36096, 4, 2025/09/25, 14:09:22.972, 873143959499, testhost.dll, TestPluginCache.GetExtensionPaths: Added unfilterableExtensionPaths: 
TpTrace Information: 0 : 36096, 4, 2025/09/25, 14:09:22.972, 873143960099, testhost.dll, AssemblyResolver.AddSearchDirectories: Adding more searchDirectories C:\Users\gomur\source\repos\COM_Nostr\UnitTest_COM_Nostr\bin\Debug\net8.0-windows
TpTrace Verbose: 0 : 36096, 4, 2025/09/25, 14:09:22.972, 873143960256, testhost.dll, TestPluginCache.DiscoverTestExtensions: Discovering the extensions using extension path.
TpTrace Verbose: 0 : 36096, 4, 2025/09/25, 14:09:22.972, 873143960361, testhost.dll, TestPluginCache.GetExtensionPaths: Filtered extension paths: 
TpTrace Verbose: 0 : 36096, 4, 2025/09/25, 14:09:22.972, 873143960451, testhost.dll, TestPluginCache.GetExtensionPaths: Added default extension paths: C:\Users\gomur\source\repos\COM_Nostr\UnitTest_COM_Nostr\bin\Debug\net8.0-windows\Microsoft.VisualStudio.TestPlatform.MSTest.TestAdapter.dll
TpTrace Verbose: 0 : 36096, 4, 2025/09/25, 14:09:22.972, 873143960569, testhost.dll, TestPluginCache.GetExtensionPaths: Added unfilterableExtensionPaths: 
TpTrace Verbose: 0 : 36096, 4, 2025/09/25, 14:09:22.972, 873143960668, testhost.dll, TestPluginCache.DiscoverTestExtensions: Discovering the extensions using allExtensionPaths: C:\Users\gomur\source\repos\COM_Nostr\UnitTest_COM_Nostr\bin\Debug\net8.0-windows\Microsoft.VisualStudio.TestPlatform.MSTest.TestAdapter.dll
TpTrace Information: 0 : 36096, 4, 2025/09/25, 14:09:22.972, 873143960806, testhost.dll, AssemblyResolver.AddSearchDirectories: Adding more searchDirectories C:\Users\gomur\source\repos\COM_Nostr\UnitTest_COM_Nostr\bin\Debug\net8.0-windows
TpTrace Verbose: 0 : 36096, 4, 2025/09/25, 14:09:22.972, 873143961113, testhost.dll, MetadataReaderExtensionsHelper: Discovering extensions inside assembly 'Microsoft.VisualStudio.TestPlatform.MSTest.TestAdapter, Version=14.0.0.0, Culture=neutral, PublicKeyToken=b03f5f7f11d50a3a' file path 'C:\Users\gomur\source\repos\COM_Nostr\UnitTest_COM_Nostr\bin\Debug\net8.0-windows\Microsoft.VisualStudio.TestPlatform.MSTest.TestAdapter.dll'
TpTrace Information: 0 : 36096, 4, 2025/09/25, 14:09:22.973, 873143968654, testhost.dll, GetTestExtensionFromType: Register extension with identifier data 'Microsoft.VisualStudio.TestPlatform.MSTest.TestAdapter.MSTestDiscoverer, Microsoft.VisualStudio.TestPlatform.MSTest.TestAdapter, Version=14.0.0.0, Culture=neutral, PublicKeyToken=b03f5f7f11d50a3a' and type 'Microsoft.VisualStudio.TestPlatform.MSTest.TestAdapter.MSTestDiscoverer, Microsoft.VisualStudio.TestPlatform.MSTest.TestAdapter, Version=14.0.0.0, Culture=neutral, PublicKeyToken=b03f5f7f11d50a3a' inside file 'C:\Users\gomur\source\repos\COM_Nostr\UnitTest_COM_Nostr\bin\Debug\net8.0-windows\Microsoft.VisualStudio.TestPlatform.MSTest.TestAdapter.dll'
TpTrace Verbose: 0 : 36096, 4, 2025/09/25, 14:09:22.973, 873143969397, testhost.dll, TestPluginCache: Discovered the extensions using extension path ''.
TpTrace Verbose: 0 : 36096, 4, 2025/09/25, 14:09:22.973, 873143969620, testhost.dll, TestPluginCache: Discoverers are 'Microsoft.VisualStudio.TestPlatform.MSTest.TestAdapter.MSTestDiscoverer, Microsoft.VisualStudio.TestPlatform.MSTest.TestAdapter, Version=14.0.0.0, Culture=neutral, PublicKeyToken=b03f5f7f11d50a3a'.
TpTrace Verbose: 0 : 36096, 4, 2025/09/25, 14:09:22.973, 873143969736, testhost.dll, TestPluginCache: Executors are 'executor://MSTestAdapter/v2'.
TpTrace Verbose: 0 : 36096, 4, 2025/09/25, 14:09:22.973, 873143969865, testhost.dll, TestPluginCache: Executors2 are ''.
TpTrace Verbose: 0 : 36096, 4, 2025/09/25, 14:09:22.973, 873143969963, testhost.dll, TestPluginCache: Setting providers are ''.
TpTrace Verbose: 0 : 36096, 4, 2025/09/25, 14:09:22.973, 873143970052, testhost.dll, TestPluginCache: Loggers are ''.
TpTrace Verbose: 0 : 36096, 4, 2025/09/25, 14:09:22.973, 873143970142, testhost.dll, TestPluginCache: TestHosts are ''.
TpTrace Verbose: 0 : 36096, 4, 2025/09/25, 14:09:22.973, 873143970229, testhost.dll, TestPluginCache: DataCollectors are ''.
TpTrace Verbose: 0 : 36096, 4, 2025/09/25, 14:09:22.975, 873143988010, testhost.dll, BaseRunTests.RunTestInternalWithExecutors: Running tests for executor://MSTestAdapter/v2
TpTrace Information: 0 : 36096, 4, 2025/09/25, 14:09:22.977, 873144011056, testhost.dll, MSTest - MSTestExecutor.RunTests: Running tests from sources.
TpTrace Information: 0 : 36096, 4, 2025/09/25, 14:09:22.979, 873144026118, testhost.dll, MSTest - CollectSourceInformation value Found : False 
TpTrace Information: 0 : 36096, 4, 2025/09/25, 14:09:22.982, 873144061842, testhost.dll, DesktopTestSourceHost.GetResolutionPaths(): Not running in portable mode
TpTrace Information: 0 : 36096, 4, 2025/09/25, 14:09:22.982, 873144062326, testhost.dll, DesktopTestSourceHost.SetupHost(): Creating assembly resolver with resolution paths C:\Users\gomur\source\repos\COM_Nostr\UnitTest_COM_Nostr\bin\Debug\net8.0-windows.
TpTrace Information: 0 : 36096, 4, 2025/09/25, 14:09:22.994, 873144184414, testhost.dll, MSTest - MSTestDiscoverer: Found 1 tests from source C:\Users\gomur\source\repos\COM_Nostr\UnitTest_COM_Nostr\bin\Debug\net8.0-windows\UnitTest_COM_Nostr.dll
TpTrace Information: 0 : 36096, 4, 2025/09/25, 14:09:22.999, 873144232486, testhost.dll, AssemblyResolver.OnResolve: Microsoft.VisualStudio.TestPlatform.ObjectModel.resources: Resolving assembly.
TpTrace Information: 0 : 36096, 4, 2025/09/25, 14:09:22.999, 873144233082, testhost.dll, AssemblyResolver.OnResolve: Microsoft.VisualStudio.TestPlatform.ObjectModel.resources: Searching in: 'C:\Users\gomur\source\repos\COM_Nostr\UnitTest_COM_Nostr\bin\Debug\net8.0-windows'.
TpTrace Information: 0 : 36096, 4, 2025/09/25, 14:09:22.999, 873144233897, testhost.dll, AssemblyResolver.OnResolve: Microsoft.VisualStudio.TestPlatform.ObjectModel.resources: Assembly path does not exist: 'C:\Users\gomur\source\repos\COM_Nostr\UnitTest_COM_Nostr\bin\Debug\net8.0-windows\Microsoft.VisualStudio.TestPlatform.ObjectModel.resources.dll', returning.
TpTrace Information: 0 : 36096, 4, 2025/09/25, 14:09:22.999, 873144234268, testhost.dll, AssemblyResolver.OnResolve: Microsoft.VisualStudio.TestPlatform.ObjectModel.resources: Assembly path does not exist: 'C:\Users\gomur\source\repos\COM_Nostr\UnitTest_COM_Nostr\bin\Debug\net8.0-windows\Microsoft.VisualStudio.TestPlatform.ObjectModel.resources.exe', returning.
TpTrace Information: 0 : 36096, 4, 2025/09/25, 14:09:22.999, 873144234395, testhost.dll, AssemblyResolver.OnResolve: Microsoft.VisualStudio.TestPlatform.ObjectModel.resources: Failed to load assembly.
TpTrace Information: 0 : 36096, 4, 2025/09/25, 14:09:23.006, 873144297131, testhost.dll, AssemblyResolver.OnResolve: Microsoft.VisualStudio.TestPlatform.MSTestAdapter.PlatformServices.resources: Resolving assembly.
TpTrace Information: 0 : 36096, 4, 2025/09/25, 14:09:23.006, 873144298058, testhost.dll, AssemblyResolver.OnResolve: Microsoft.VisualStudio.TestPlatform.MSTestAdapter.PlatformServices.resources: Searching in: 'C:\Users\gomur\source\repos\COM_Nostr\UnitTest_COM_Nostr\bin\Debug\net8.0-windows'.
TpTrace Information: 0 : 36096, 4, 2025/09/25, 14:09:23.006, 873144298432, testhost.dll, AssemblyResolver.OnResolve: Microsoft.VisualStudio.TestPlatform.MSTestAdapter.PlatformServices.resources: Assembly path does not exist: 'C:\Users\gomur\source\repos\COM_Nostr\UnitTest_COM_Nostr\bin\Debug\net8.0-windows\Microsoft.VisualStudio.TestPlatform.MSTestAdapter.PlatformServices.resources.dll', returning.
TpTrace Information: 0 : 36096, 4, 2025/09/25, 14:09:23.006, 873144298667, testhost.dll, AssemblyResolver.OnResolve: Microsoft.VisualStudio.TestPlatform.MSTestAdapter.PlatformServices.resources: Assembly path does not exist: 'C:\Users\gomur\source\repos\COM_Nostr\UnitTest_COM_Nostr\bin\Debug\net8.0-windows\Microsoft.VisualStudio.TestPlatform.MSTestAdapter.PlatformServices.resources.exe', returning.
TpTrace Information: 0 : 36096, 4, 2025/09/25, 14:09:23.006, 873144298810, testhost.dll, AssemblyResolver.OnResolve: Microsoft.VisualStudio.TestPlatform.MSTestAdapter.PlatformServices.resources: Failed to load assembly.
TpTrace Information: 0 : 36096, 4, 2025/09/25, 14:09:23.009, 873144330526, testhost.dll, DesktopTestSourceHost.GetResolutionPaths(): Not running in portable mode
TpTrace Information: 0 : 36096, 4, 2025/09/25, 14:09:23.009, 873144331060, testhost.dll, DesktopTestSourceHost.SetupHost(): Creating assembly resolver with resolution paths C:\Users\gomur\source\repos\COM_Nostr\UnitTest_COM_Nostr\bin\Debug\net8.0-windows.
TpTrace Information: 0 : 36096, 4, 2025/09/25, 14:09:23.009, 873144331273, testhost.dll, MSTest - Created unit-test runner C:\Users\gomur\source\repos\COM_Nostr\UnitTest_COM_Nostr\bin\Debug\net8.0-windows\UnitTest_COM_Nostr.dll
TpTrace Verbose: 0 : 36096, 4, 2025/09/25, 14:09:23.013, 873144370942, testhost.dll, TestExecutionRecorder.RecordStart: Starting test: UnitTest_COM_Nostr.NostrClientTests.PublishEvent_ReceivesEventViaSubscription.
TpTrace Information: 0 : 36096, 4, 2025/09/25, 14:09:23.014, 873144376926, testhost.dll, MSTest - Executing test PublishEvent_ReceivesEventViaSubscription
TpTrace Information: 0 : 36096, 4, 2025/09/25, 14:09:23.025, 873144486487, testhost.dll, AssemblyResolver.OnResolve: Microsoft.VisualStudio.TestPlatform.MSTest.TestAdapter.resources: Resolving assembly.
TpTrace Information: 0 : 36096, 4, 2025/09/25, 14:09:23.025, 873144487207, testhost.dll, AssemblyResolver.OnResolve: Microsoft.VisualStudio.TestPlatform.MSTest.TestAdapter.resources: Searching in: 'C:\Users\gomur\source\repos\COM_Nostr\UnitTest_COM_Nostr\bin\Debug\net8.0-windows'.
TpTrace Information: 0 : 36096, 4, 2025/09/25, 14:09:23.025, 873144487589, testhost.dll, AssemblyResolver.OnResolve: Microsoft.VisualStudio.TestPlatform.MSTest.TestAdapter.resources: Assembly path does not exist: 'C:\Users\gomur\source\repos\COM_Nostr\UnitTest_COM_Nostr\bin\Debug\net8.0-windows\Microsoft.VisualStudio.TestPlatform.MSTest.TestAdapter.resources.dll', returning.
TpTrace Information: 0 : 36096, 4, 2025/09/25, 14:09:23.025, 873144488211, testhost.dll, AssemblyResolver.OnResolve: Microsoft.VisualStudio.TestPlatform.MSTest.TestAdapter.resources: Assembly path does not exist: 'C:\Users\gomur\source\repos\COM_Nostr\UnitTest_COM_Nostr\bin\Debug\net8.0-windows\Microsoft.VisualStudio.TestPlatform.MSTest.TestAdapter.resources.exe', returning.
TpTrace Information: 0 : 36096, 4, 2025/09/25, 14:09:23.025, 873144488335, testhost.dll, AssemblyResolver.OnResolve: Microsoft.VisualStudio.TestPlatform.MSTest.TestAdapter.resources: Failed to load assembly.
TpTrace Verbose: 0 : 36096, 8, 2025/09/25, 14:09:23.937, 873153606967, testhost.dll, TcpClientExtensions.MessageLoopAsync: Polling on remoteEndPoint: [::ffff:127.0.0.1]:55015 localEndPoint: [::ffff:127.0.0.1]:55016 after 1001 ms
TpTrace Information: 0 : 36096, 4, 2025/09/25, 14:09:24.134, 873155575513, testhost.dll, MSTest - Executed test PublishEvent_ReceivesEventViaSubscription
TpTrace Verbose: 0 : 36096, 4, 2025/09/25, 14:09:24.136, 873155600032, testhost.dll, TestExecutionRecorder.RecordEnd: test: UnitTest_COM_Nostr.NostrClientTests.PublishEvent_ReceivesEventViaSubscription execution completed.
TpTrace Information: 0 : 36096, 4, 2025/09/25, 14:09:24.137, 873155608002, testhost.dll, MSTest - MSTestExecutor:Test UnitTest_COM_Nostr.NostrClientTests.PublishEvent_ReceivesEventViaSubscription failed. ErrorMessage:テスト メソッド UnitTest_COM_Nostr.NostrClientTests.PublishEvent_ReceivesEventViaSubscription が例外をスローしました: 
System.InvalidCastException: Specified cast is not valid., ErrorStackTrace:    at COMNostrNativeLib.INostrClient.ConnectRelay(Object descriptor, INostrAuthCallback authCallback)
   at UnitTest_COM_Nostr.NostrClientTests.PublishEvent_ReceivesEventViaSubscription() in C:\Users\gomur\source\repos\COM_Nostr\UnitTest_COM_Nostr\NostrClientTests.cs:line 72
.
TpTrace Verbose: 0 : 36096, 4, 2025/09/25, 14:09:24.137, 873155610038, testhost.dll, TestExecutionRecorder.RecordResult: Received result for test: UnitTest_COM_Nostr.NostrClientTests.PublishEvent_ReceivesEventViaSubscription.
TpTrace Warning: 0 : 36096, 4, 2025/09/25, 14:09:24.138, 873155621217, testhost.dll, TestRunCache: InProgressTests is null
TpTrace Warning: 0 : 36096, 4, 2025/09/25, 14:09:24.138, 873155622513, testhost.dll, TestRunCache: No test found corresponding to testResult 'PublishEvent_ReceivesEventViaSubscription' in inProgress list.
TpTrace Information: 0 : 36096, 4, 2025/09/25, 14:09:24.138, 873155622865, testhost.dll, MSTest - Executed tests belonging to source C:\Users\gomur\source\repos\COM_Nostr\UnitTest_COM_Nostr\bin\Debug\net8.0-windows\UnitTest_COM_Nostr.dll
TpTrace Verbose: 0 : 36096, 4, 2025/09/25, 14:09:24.138, 873155624996, testhost.dll, BaseRunTests.RunTestInternalWithExecutors: Completed running tests for executor://MSTestAdapter/v2
TpTrace Information: 0 : 36096, 4, 2025/09/25, 14:09:24.140, 873155645253, testhost.dll, Sending test run complete
TpTrace Verbose: 0 : 36096, 4, 2025/09/25, 14:09:24.160, 873155841009, testhost.dll, TestRequestHandler.SendData: sending data from testhost: {"Version":7,"MessageType":"TestExecution.Completed","Payload":{"TestRunCompleteArgs":{"TestRunStatistics":{"ExecutedTests":1,"Stats":{"Failed":1}},"IsCanceled":false,"IsAborted":false,"Error":null,"AttachmentSets":[],"InvokedDataCollectors":[],"ElapsedTimeInRunningTests":"00:00:01.1648752","Metrics":{},"DiscoveredExtensions":{"TestDiscoverers":["Microsoft.VisualStudio.TestPlatform.MSTest.TestAdapter.MSTestDiscoverer, Microsoft.VisualStudio.TestPlatform.MSTest.TestAdapter, Version=14.0.0.0, Culture=neutral, PublicKeyToken=b03f5f7f11d50a3a"],"TestExecutors":["executor://MSTestAdapter/v2"],"TestExecutors2":[],"TestSettingsProviders":[]}},"LastRunTests":{"NewTestResults":[{"TestCase":{"Id":"9c2fded4-c3f2-d6ac-d3c1-5312a69e2f2d","FullyQualifiedName":"UnitTest_COM_Nostr.NostrClientTests.PublishEvent_ReceivesEventViaSubscription","DisplayName":"PublishEvent_ReceivesEventViaSubscription","ExecutorUri":"executor://MSTestAdapter/v2","Source":"C:\\Users\\gomur\\source\\repos\\COM_Nostr\\UnitTest_COM_Nostr\\bin\\Debug\\net8.0-windows\\UnitTest_COM_Nostr.dll","CodeFilePath":null,"LineNumber":-1,"Properties":[{"Key":{"Id":"TestCase.Hierarchy","Label":"Hierarchy","Category":"","Description":"","Attributes":2,"ValueType":"System.String[]"},"Value":[null,"UnitTest_COM_Nostr","NostrClientTests","PublishEvent_ReceivesEventViaSubscription"]},{"Key":{"Id":"MSTestDiscoverer.TestClassName","Label":"ClassName","Category":"","Description":"","Attributes":1,"ValueType":"System.String"},"Value":"UnitTest_COM_Nostr.NostrClientTests"},{"Key":{"Id":"MSTest.TestIdGenerationStrategy","Label":"TestIdGenerationStrategy","Category":"","Description":"","Attributes":1,"ValueType":"System.Int32"},"Value":2},{"Key":{"Id":"TestObject.Traits","Label":"特徴","Category":"","Description":"","Attributes":5,"ValueType":"System.Collections.Generic.KeyValuePair`2[[System.String],[System.String]][]"},"Value":[]},{"Key":{"Id":"TestCase.ManagedMethod","Label":"ManagedMethod","Category":"","Description":"","Attributes":1,"ValueType":"System.String"},"Value":"PublishEvent_ReceivesEventViaSubscription"},{"Key":{"Id":"TestCase.ManagedType","Label":"ManagedType","Category":"","Description":"","Attributes":1,"ValueType":"System.String"},"Value":"UnitTest_COM_Nostr.NostrClientTests"}]},"Attachments":[],"Outcome":2,"ErrorMessage":"テスト メソッド UnitTest_COM_Nostr.NostrClientTests.PublishEvent_ReceivesEventViaSubscription が例外をスローしました: \r\nSystem.InvalidCastException: Specified cast is not valid.","ErrorStackTrace":"    at COMNostrNativeLib.INostrClient.ConnectRelay(Object descriptor, INostrAuthCallback authCallback)\r\n   at UnitTest_COM_Nostr.NostrClientTests.PublishEvent_ReceivesEventViaSubscription() in C:\\Users\\gomur\\source\\repos\\COM_Nostr\\UnitTest_COM_Nostr\\NostrClientTests.cs:line 72\r\n","DisplayName":"PublishEvent_ReceivesEventViaSubscription","Messages":[],"ComputerName":"OMEN-40L-KOMURA","Duration":"00:00:01.1075272","StartTime":"2025-09-25T14:09:23.0137203+09:00","EndTime":"2025-09-25T14:09:24.1341008+09:00","Properties":[{"Key":{"Id":"InnerResultsCount","Label":"InnerResultsCount","Category":"","Description":"","Attributes":1,"ValueType":"System.Int32"},"Value":0},{"Key":{"Id":"ExecutionId","Label":"ExecutionId","Category":"","Description":"","Attributes":1,"ValueType":"System.Guid"},"Value":"00000000-0000-0000-0000-000000000000"},{"Key":{"Id":"ParentExecId","Label":"ParentExecId","Category":"","Description":"","Attributes":1,"ValueType":"System.Guid"},"Value":"00000000-0000-0000-0000-000000000000"}]}],"TestRunStatistics":{"ExecutedTests":1,"Stats":{"Failed":1}},"ActiveTests":[]},"RunAttachments":[],"ExecutorUris":["executor://mstestadapter/v2"]}}
TpTrace Verbose: 0 : 36096, 4, 2025/09/25, 14:09:24.160, 873155843832, testhost.dll, BaseRunTests.RunTests: Run is complete.
TpTrace Verbose: 0 : 36096, 8, 2025/09/25, 14:09:24.161, 873155854714, testhost.dll, TcpClientExtensions.MessageLoopAsync: NotifyDataAvailable remoteEndPoint: [::ffff:127.0.0.1]:55015 localEndPoint: [::ffff:127.0.0.1]:55016
TpTrace Information: 0 : 36096, 8, 2025/09/25, 14:09:24.162, 873155855584, testhost.dll, TestRequestHandler.OnMessageReceived: received message: (TestSession.Terminate) -> {"MessageType":"TestSession.Terminate","Payload":null}
TpTrace Information: 0 : 36096, 8, 2025/09/25, 14:09:24.162, 873155855769, testhost.dll, Session End message received from server. Closing the connection.
TpTrace Information: 0 : 36096, 1, 2025/09/25, 14:09:24.162, 873155857881, testhost.dll, SocketClient.Stop: Stop communication from server endpoint: 127.0.0.1:055015
TpTrace Information: 0 : 36096, 8, 2025/09/25, 14:09:24.162, 873155857905, testhost.dll, SocketClient.Stop: Stop communication from server endpoint: 127.0.0.1:055015
TpTrace Information: 0 : 36096, 1, 2025/09/25, 14:09:24.162, 873155858334, testhost.dll, SocketClient: Stop: Cancellation requested. Stopping message loop.
TpTrace Information: 0 : 36096, 8, 2025/09/25, 14:09:24.162, 873155858825, testhost.dll, SocketClient: Stop: Cancellation requested. Stopping message loop.
TpTrace Verbose: 0 : 36096, 1, 2025/09/25, 14:09:24.162, 873155859910, testhost.dll, LengthPrefixCommunicationChannel.Dispose: Dispose reader and writer.
TpTrace Verbose: 0 : 36096, 8, 2025/09/25, 14:09:24.162, 873155859954, testhost.dll, LengthPrefixCommunicationChannel.Dispose: Dispose reader and writer.
TpTrace Information: 0 : 36096, 8, 2025/09/25, 14:09:24.162, 873155860385, testhost.dll, Closing the connection !
TpTrace Verbose: 0 : 36096, 8, 2025/09/25, 14:09:24.162, 873155860570, testhost.dll, MulticastDelegateUtilities.SafeInvoke: LengthPrefixCommunicationChannel: MessageReceived: Invoking callback 1/1 for Microsoft.VisualStudio.TestPlatform.CommunicationUtilities.TestRequestHandler., took 0 ms.
TpTrace Information: 0 : 36096, 1, 2025/09/25, 14:09:24.162, 873155860703, testhost.dll, Testhost process exiting.
TpTrace Information: 0 : 36096, 8, 2025/09/25, 14:09:24.162, 873155861717, testhost.dll, SocketClient.PrivateStop: Stop communication from server endpoint: 127.0.0.1:055015, error:
TpTrace Verbose: 0 : 36096, 8, 2025/09/25, 14:09:24.162, 873155862768, testhost.dll, LengthPrefixCommunicationChannel.Dispose: Dispose reader and writer.
TpTrace Verbose: 0 : 36096, 8, 2025/09/25, 14:09:24.162, 873155862941, testhost.dll, TcpClientExtensions.MessageLoopAsync: exiting MessageLoopAsync remoteEndPoint: [::ffff:127.0.0.1]:55015 localEndPoint: [::ffff:127.0.0.1]:55016
